#
# A fatal error has been detected by the Java Runtime Environment:
#
#  EXCEPTION_ACCESS_VIOLATION (0xc0000005) at pc=0x00007fff4016fa16, pid=10196, tid=18672
#
# JRE version: OpenJDK Runtime Environment (11.0.7+10) (build 11.0.7+10)
# Java VM: OpenJDK 64-Bit Server VM (11.0.7+10, mixed mode, tiered, compressed oops, g1 gc, windows-amd64)
# Problematic frame:
# C  [awt.dll+0x8fa16]
#
# No core dump will be written. Minidumps are not enabled by default on client versions of Windows
#
# If you would like to submit a bug report, please visit:
#   https://github.com/AdoptOpenJDK/openjdk-support/issues
# The crash happened outside the Java Virtual Machine in native code.
# See problematic frame for where to report the bug.
#

---------------  S U M M A R Y ------------

Command Line: -javaagent:C:\Program Files\JetBrains\IntelliJ IDEA 2020.1.1\lib\idea_rt.jar=49530:C:\Program Files\JetBrains\IntelliJ IDEA 2020.1.1\bin -Dfile.encoding=UTF-8 pictogramming.Main

Host: Intel(R) Core(TM) i7-7500U CPU @ 2.70GHz, 4 cores, 15G,  Windows 10 , 64 bit Build 18362 (10.0.18362.1350)
Time: Sun Feb 28 07:30:30 2021 ???? (?W?€??) elapsed time: 12 seconds (0d 0h 0m 12s)

---------------  T H R E A D  ---------------

Current thread (0x000001ee708fc000):  JavaThread "main" [_thread_in_native, id=18672, stack(0x000000104c600000,0x000000104c700000)]

Stack: [0x000000104c600000,0x000000104c700000],  sp=0x000000104c6fe8a0,  free space=1018k
Native frames: (J=compiled Java code, j=interpreted, Vv=VM code, C=native code)
C  [awt.dll+0x8fa16]

Java frames: (J=compiled Java code, j=interpreted, Vv=VM code)
j  sun.awt.windows.WComponentPeer._setFont(Ljava/awt/Font;)V+0 java.desktop@11.0.7
j  sun.awt.windows.WComponentPeer.setFont(Ljava/awt/Font;)V+7 java.desktop@11.0.7
j  sun.awt.windows.WWindowPeer.initialize()V+42 java.desktop@11.0.7
j  sun.awt.windows.WFramePeer.initialize()V+1 java.desktop@11.0.7
j  sun.awt.windows.WComponentPeer.<init>(Ljava/awt/Component;)V+83 java.desktop@11.0.7
j  sun.awt.windows.WCanvasPeer.<init>(Ljava/awt/Component;)V+2 java.desktop@11.0.7
j  sun.awt.windows.WPanelPeer.<init>(Ljava/awt/Component;)V+2 java.desktop@11.0.7
j  sun.awt.windows.WWindowPeer.<init>(Ljava/awt/Window;)V+2 java.desktop@11.0.7
j  sun.awt.windows.WFramePeer.<init>(Ljava/awt/Frame;)V+2 java.desktop@11.0.7
j  sun.awt.windows.WToolkit.createFrame(Ljava/awt/Frame;)Ljava/awt/peer/FramePeer;+5 java.desktop@11.0.7
j  java.awt.Frame.addNotify()V+20 java.desktop@11.0.7
j  javax.swing.SwingUtilities$SharedOwnerFrame.addNotify()V+1 java.desktop@11.0.7
j  java.awt.Window.pack()V+17 java.desktop@11.0.7
j  javax.swing.JFileChooser.createDialog(Ljava/awt/Component;)Ljavax/swing/JDialog;+134 java.desktop@11.0.7
j  javax.swing.JFileChooser.showDialog(Ljava/awt/Component;Ljava/lang/String;)I+26 java.desktop@11.0.7
j  javax.swing.JFileChooser.showOpenDialog(Ljava/awt/Component;)I+8 java.desktop@11.0.7
j  programSetup.FileGet.fileGet()Ljava/lang/String;+13
j  pictogramming.Main.main([Ljava/lang/String;)V+0
v  ~StubRoutines::call_stub

siginfo: EXCEPTION_ACCESS_VIOLATION (0xc0000005), reading address 0x0000000000000058


Register to memory mapping:

RIP=0x00007fff4016fa16 awt.dll
RAX=0x00007fff401eb680 awt.dll
RBX=0x000001ee708fc340 points into unknown readable memory: 00 bc b4 09 ff 7f 00 00
RCX=0x000001ee1716c650 points into unknown readable memory: 80 b6 1e 40 ff 7f 00 00
RDX=0x0 is NULL
RSP=0x000000104c6fe8a0 is pointing into the stack for thread: 0x000001ee708fc000
RBP=0x0 is NULL
RSI=0x000001ee1716da80 is a global jni handle
RDI=0x000001ee1716da88 is a global jni handle
R8 =0x0000000000000004 is an unknown value
R9 =0x00000008000c6248 is a pointer to class: 
java.awt.Font {0x00000008000c6250}
R10=0x0000000000008000 is an unknown value
R11=0x000000104c6fe8a0 is pointing into the stack for thread: 0x000001ee708fc000
R12=0x0 is NULL
R13={method} {0x000001ee7f389d40} '_setFont' '(Ljava/awt/Font;)V' in 'sun/awt/windows/WComponentPeer'
R14=0x000001ee1716c650 points into unknown readable memory: 80 b6 1e 40 ff 7f 00 00
R15=0x000001ee7f7d1410 points into unknown readable memory: 80 da 16 17 ee 01 00 00


Registers:
RAX=0x00007fff401eb680, RBX=0x000001ee708fc340, RCX=0x000001ee1716c650, RDX=0x0000000000000000
RSP=0x000000104c6fe8a0, RBP=0x0000000000000000, RSI=0x000001ee1716da80, RDI=0x000001ee1716da88
R8 =0x0000000000000004, R9 =0x00000008000c6248, R10=0x0000000000008000, R11=0x000000104c6fe8a0
R12=0x0000000000000000, R13=0x000001ee7f389d38, R14=0x000001ee1716c650, R15=0x000001ee7f7d1410
RIP=0x00007fff4016fa16, EFLAGS=0x0000000000010206

Top of Stack: (sp=0x000000104c6fe8a0)
0x000000104c6fe8a0:   000001ee7f7d1410 000001ee1716c650
0x000000104c6fe8b0:   000001ee7f7d1410 000001ee1716c650
0x000000104c6fe8c0:   000001ee1716da88 00007fff40174921
0x000000104c6fe8d0:   000001ee708fc340 000001ee708fc340
0x000000104c6fe8e0:   0000000000000000 000001ee1716da80
0x000000104c6fe8f0:   000001ee708fc000 000000104c6fea48
0x000000104c6fe900:   000001ee7f7d1410 00007fff401adbcb
0x000000104c6fe910:   00007fff40231078 000000104c6fea20
0x000000104c6fe920:   00007fff401747f4 0000000000000000
0x000000104c6fe930:   fffffffffffffffe fffffffffffffffe
0x000000104c6fe940:   000001ee1716da80 00007fff40175ae8
0x000000104c6fe950:   000001ee1716da88 000000104c6fea40
0x000000104c6fe960:   000000104c6fea40 00007fff40231078
0x000000104c6fe970:   fffffffffffffffe 00007fff0951f6ac
0x000000104c6fe980:   0000000000000178 000001ee0000fe08
0x000000104c6fe990:   000001ee7f389d38 000001ee18a715c0 

Instructions: (pc=0x00007fff4016fa16)
0x00007fff4016f916:   00 48 8b d9 e8 d9 dc ff ff 48 8b f8 48 85 c0 75
0x00007fff4016f926:   04 48 8b 7b 48 48 8b cf e8 50 19 05 00 48 8b d8
0x00007fff4016f936:   48 85 c0 74 60 83 64 24 20 00 0f 57 c0 83 64 24
0x00007fff4016f946:   34 00 b9 11 00 00 00 83 64 24 38 00 f3 0f 7f 44
0x00007fff4016f956:   24 24 ff 15 da d9 0b 00 4c 8d 44 24 40 ba 5c 00
0x00007fff4016f966:   00 00 48 8b c8 ff 15 7f dc 0b 00 83 f8 5c 75 0d
0x00007fff4016f976:   48 8d 54 24 40 48 8b cb e8 af 19 05 00 48 8d 54
0x00007fff4016f986:   24 20 48 8b cb e8 c6 19 05 00 48 8b d3 48 8b cf
0x00007fff4016f996:   e8 73 19 05 00 48 8b 8c 24 a0 00 00 00 48 33 cc
0x00007fff4016f9a6:   e8 a5 26 05 00 48 8b 9c 24 c8 00 00 00 48 81 c4
0x00007fff4016f9b6:   b0 00 00 00 5f c3 40 53 48 83 ec 20 48 8b d9 ff
0x00007fff4016f9c6:   15 bd e1 0b 00 48 85 c0 75 0a 48 8b 4b 48 ff 15
0x00007fff4016f9d6:   a6 e1 0b 00 48 83 c4 20 5b c3 4c 63 c2 48 8b 15
0x00007fff4016f9e6:   5e c5 0b 00 48 ff 25 37 e0 0b 00 cc cc cc 48 8b
0x00007fff4016f9f6:   d1 48 8b 0d 82 f5 0b 00 48 89 15 7b f5 0b 00 e9
0x00007fff4016fa06:   5a 67 04 00 cc cc 48 89 5c 24 08 57 48 83 ec 20
0x00007fff4016fa16:   83 7a 58 00 48 8b da 48 8b f9 7d 08 48 8b ca e8
0x00007fff4016fa26:   32 95 01 00 4c 8b 43 48 45 33 c9 48 8b 4f 48 4d
0x00007fff4016fa36:   8b 00 41 8d 51 30 ff 15 ae e2 0b 00 48 8b 4f 48
0x00007fff4016fa46:   33 d2 44 8d 42 01 48 8b 5c 24 30 48 83 c4 20 5f
0x00007fff4016fa56:   48 ff 25 4b e1 0b 00 cc cc cc 48 8b c4 48 89 58
0x00007fff4016fa66:   08 48 89 68 10 48 89 70 18 48 89 78 20 41 56 48
0x00007fff4016fa76:   83 ec 20 4c 8b f2 48 8b f9 48 8b 0d f2 13 0c 00
0x00007fff4016fa86:   ba 02 00 01 00 41 8b e8 e8 c0 24 05 00 48 8b 97
0x00007fff4016fa96:   c0 00 00 00 33 db 48 8b f0 48 85 d2 74 0d 4c 8b
0x00007fff4016faa6:   08 48 8b c8 41 ff 91 b0 00 00 00 4d 85 f6 74 14
0x00007fff4016fab6:   48 8b 06 49 8b d6 48 8b ce ff 90 a8 00 00 00 48
0x00007fff4016fac6:   8b d8 eb 05 bd 01 00 00 00 48 89 9f c0 00 00 00
0x00007fff4016fad6:   89 af c8 00 00 00 48 8b 5c 24 30 48 8b 6c 24 38
0x00007fff4016fae6:   48 8b 74 24 40 48 8b 7c 24 48 48 83 c4 20 41 5e
0x00007fff4016faf6:   c3 cc 48 89 5c 24 08 48 89 6c 24 10 48 89 74 24
0x00007fff4016fb06:   18 57 48 83 ec 20 33 db 48 8b f9 48 85 c9 75 09 


Stack slot to memory mapping:
stack at sp + 0 slots: 0x000001ee7f7d1410 points into unknown readable memory: 80 da 16 17 ee 01 00 00
stack at sp + 1 slots: 0x000001ee1716c650 points into unknown readable memory: 80 b6 1e 40 ff 7f 00 00
stack at sp + 2 slots: 0x000001ee7f7d1410 points into unknown readable memory: 80 da 16 17 ee 01 00 00
stack at sp + 3 slots: 0x000001ee1716c650 points into unknown readable memory: 80 b6 1e 40 ff 7f 00 00
stack at sp + 4 slots: 0x000001ee1716da88 is a global jni handle
stack at sp + 5 slots: 0x00007fff40174921 awt.dll
stack at sp + 6 slots: 0x000001ee708fc340 points into unknown readable memory: 00 bc b4 09 ff 7f 00 00
stack at sp + 7 slots: 0x000001ee708fc340 points into unknown readable memory: 00 bc b4 09 ff 7f 00 00


---------------  P R O C E S S  ---------------

Threads class SMR info:
_java_thread_list=0x000001ee7f76f7a0, length=18, elements={
0x000001ee708fc000, 0x000001ee7f4b3000, 0x000001ee7f4b6000, 0x000001ee7f51b000,
0x000001ee7f51d000, 0x000001ee7f51e000, 0x000001ee7f521000, 0x000001ee7f59e000,
0x000001ee7f4b0800, 0x000001ee7f7b6800, 0x000001ee7f7b7800, 0x000001ee17124000,
0x000001ee17128800, 0x000001ee17373000, 0x000001ee17127000, 0x000001ee16f53800,
0x000001ee170f7800, 0x000001ee7f607800
}

Java Threads: ( => current thread )
=>0x000001ee708fc000 JavaThread "main" [_thread_in_native, id=18672, stack(0x000000104c600000,0x000000104c700000)]
  0x000001ee7f4b3000 JavaThread "Reference Handler" daemon [_thread_blocked, id=42476, stack(0x000000104cd00000,0x000000104ce00000)]
  0x000001ee7f4b6000 JavaThread "Finalizer" daemon [_thread_blocked, id=23624, stack(0x000000104ce00000,0x000000104cf00000)]
  0x000001ee7f51b000 JavaThread "Signal Dispatcher" daemon [_thread_blocked, id=33004, stack(0x000000104cf00000,0x000000104d000000)]
  0x000001ee7f51d000 JavaThread "Attach Listener" daemon [_thread_blocked, id=43420, stack(0x000000104d000000,0x000000104d100000)]
  0x000001ee7f51e000 JavaThread "C2 CompilerThread0" daemon [_thread_blocked, id=21936, stack(0x000000104d100000,0x000000104d200000)]
  0x000001ee7f521000 JavaThread "C1 CompilerThread0" daemon [_thread_blocked, id=26632, stack(0x000000104d200000,0x000000104d300000)]
  0x000001ee7f59e000 JavaThread "Sweeper thread" daemon [_thread_blocked, id=25632, stack(0x000000104d300000,0x000000104d400000)]
  0x000001ee7f4b0800 JavaThread "Common-Cleaner" daemon [_thread_blocked, id=43480, stack(0x000000104d400000,0x000000104d500000)]
  0x000001ee7f7b6800 JavaThread "Monitor Ctrl-Break" daemon [_thread_in_native, id=42780, stack(0x000000104d500000,0x000000104d600000)]
  0x000001ee7f7b7800 JavaThread "Service Thread" daemon [_thread_blocked, id=40880, stack(0x000000104d600000,0x000000104d700000)]
  0x000001ee17124000 JavaThread "Java2D Disposer" daemon [_thread_blocked, id=37128, stack(0x000000104d800000,0x000000104d900000)]
  0x000001ee17128800 JavaThread "AWT-Windows" daemon [_thread_in_native, id=14112, stack(0x000000104da00000,0x000000104db00000)]
  0x000001ee17373000 JavaThread "Image Fetcher 0" daemon [_thread_blocked, id=31900, stack(0x000000104db00000,0x000000104dc00000)]
  0x000001ee17127000 JavaThread "Image Fetcher 1" daemon [_thread_blocked, id=42720, stack(0x000000104d900000,0x000000104da00000)]
  0x000001ee16f53800 JavaThread "AWT-Shutdown" [_thread_blocked, id=20780, stack(0x000000104dc00000,0x000000104dd00000)]
  0x000001ee170f7800 JavaThread "AWT-EventQueue-0" [_thread_blocked, id=2092, stack(0x000000104dd00000,0x000000104de00000)]
  0x000001ee7f607800 JavaThread "Swing-Shell" daemon [_thread_blocked, id=43024, stack(0x000000104de00000,0x000000104df00000)]

Other Threads:
  0x000001ee7ec02000 VMThread "VM Thread" [stack: 0x000000104cc00000,0x000000104cd00000] [id=28732]
  0x000001ee7f7bd000 WatcherThread [stack: 0x000000104d700000,0x000000104d800000] [id=39120]
  0x000001ee70916000 GCTaskThread "GC Thread#0" [stack: 0x000000104c700000,0x000000104c800000] [id=31948]
  0x000001ee70975800 ConcurrentGCThread "G1 Main Marker" [stack: 0x000000104c800000,0x000000104c900000] [id=40672]
  0x000001ee70978000 ConcurrentGCThread "G1 Conc#0" [stack: 0x000000104c900000,0x000000104ca00000] [id=10472]
  0x000001ee7eaee800 ConcurrentGCThread "G1 Refine#0" [stack: 0x000000104ca00000,0x000000104cb00000] [id=43684]
  0x000001ee7eaef800 ConcurrentGCThread "G1 Young RemSet Sampling" [stack: 0x000000104cb00000,0x000000104cc00000] [id=8084]

Threads with active compile tasks:

VM state:not at safepoint (normal execution)

VM Mutex/Monitor currently owned by a thread: None

Heap address: 0x0000000702400000, size: 4060 MB, Compressed Oops mode: Zero based, Oop shift amount: 3
Narrow klass base: 0x0000000800000000, Narrow klass shift: 0
Compressed class space size: 1073741824 Address: 0x0000000800000000

Heap:
 garbage-first heap   total 260096K, used 13312K [0x0000000702400000, 0x0000000800000000)
  region size 1024K, 14 young (14336K), 0 survivors (0K)
 Metaspace       used 17689K, capacity 18041K, committed 18176K, reserved 1064960K
  class space    used 2014K, capacity 2189K, committed 2304K, reserved 1048576K
Heap Regions: E=young(eden), S=young(survivor), O=old, HS=humongous(starts), HC=humongous(continues), CS=collection set, F=free, A=archive, TAMS=top-at-mark-start (previous, next)
|   0|0x0000000702400000, 0x0000000702400000, 0x0000000702500000|  0%| F|  |TAMS 0x0000000702400000, 0x0000000702400000| Untracked 
|   1|0x0000000702500000, 0x0000000702500000, 0x0000000702600000|  0%| F|  |TAMS 0x0000000702500000, 0x0000000702500000| Untracked 
|   2|0x0000000702600000, 0x0000000702600000, 0x0000000702700000|  0%| F|  |TAMS 0x0000000702600000, 0x0000000702600000| Untracked 
|   3|0x0000000702700000, 0x0000000702700000, 0x0000000702800000|  0%| F|  |TAMS 0x0000000702700000, 0x0000000702700000| Untracked 
|   4|0x0000000702800000, 0x0000000702800000, 0x0000000702900000|  0%| F|  |TAMS 0x0000000702800000, 0x0000000702800000| Untracked 
|   5|0x0000000702900000, 0x0000000702900000, 0x0000000702a00000|  0%| F|  |TAMS 0x0000000702900000, 0x0000000702900000| Untracked 
|   6|0x0000000702a00000, 0x0000000702a00000, 0x0000000702b00000|  0%| F|  |TAMS 0x0000000702a00000, 0x0000000702a00000| Untracked 
|   7|0x0000000702b00000, 0x0000000702b00000, 0x0000000702c00000|  0%| F|  |TAMS 0x0000000702b00000, 0x0000000702b00000| Untracked 
|   8|0x0000000702c00000, 0x0000000702c00000, 0x0000000702d00000|  0%| F|  |TAMS 0x0000000702c00000, 0x0000000702c00000| Untracked 
|   9|0x0000000702d00000, 0x0000000702d00000, 0x0000000702e00000|  0%| F|  |TAMS 0x0000000702d00000, 0x0000000702d00000| Untracked 
|  10|0x0000000702e00000, 0x0000000702e00000, 0x0000000702f00000|  0%| F|  |TAMS 0x0000000702e00000, 0x0000000702e00000| Untracked 
|  11|0x0000000702f00000, 0x0000000702f00000, 0x0000000703000000|  0%| F|  |TAMS 0x0000000702f00000, 0x0000000702f00000| Untracked 
|  12|0x0000000703000000, 0x0000000703000000, 0x0000000703100000|  0%| F|  |TAMS 0x0000000703000000, 0x0000000703000000| Untracked 
|  13|0x0000000703100000, 0x0000000703100000, 0x0000000703200000|  0%| F|  |TAMS 0x0000000703100000, 0x0000000703100000| Untracked 
|  14|0x0000000703200000, 0x0000000703200000, 0x0000000703300000|  0%| F|  |TAMS 0x0000000703200000, 0x0000000703200000| Untracked 
|  15|0x0000000703300000, 0x0000000703300000, 0x0000000703400000|  0%| F|  |TAMS 0x0000000703300000, 0x0000000703300000| Untracked 
|  16|0x0000000703400000, 0x0000000703400000, 0x0000000703500000|  0%| F|  |TAMS 0x0000000703400000, 0x0000000703400000| Untracked 
|  17|0x0000000703500000, 0x0000000703500000, 0x0000000703600000|  0%| F|  |TAMS 0x0000000703500000, 0x0000000703500000| Untracked 
|  18|0x0000000703600000, 0x0000000703600000, 0x0000000703700000|  0%| F|  |TAMS 0x0000000703600000, 0x0000000703600000| Untracked 
|  19|0x0000000703700000, 0x0000000703700000, 0x0000000703800000|  0%| F|  |TAMS 0x0000000703700000, 0x0000000703700000| Untracked 
|  20|0x0000000703800000, 0x0000000703800000, 0x0000000703900000|  0%| F|  |TAMS 0x0000000703800000, 0x0000000703800000| Untracked 
|  21|0x0000000703900000, 0x0000000703900000, 0x0000000703a00000|  0%| F|  |TAMS 0x0000000703900000, 0x0000000703900000| Untracked 
|  22|0x0000000703a00000, 0x0000000703a00000, 0x0000000703b00000|  0%| F|  |TAMS 0x0000000703a00000, 0x0000000703a00000| Untracked 
|  23|0x0000000703b00000, 0x0000000703b00000, 0x0000000703c00000|  0%| F|  |TAMS 0x0000000703b00000, 0x0000000703b00000| Untracked 
|  24|0x0000000703c00000, 0x0000000703c00000, 0x0000000703d00000|  0%| F|  |TAMS 0x0000000703c00000, 0x0000000703c00000| Untracked 
|  25|0x0000000703d00000, 0x0000000703d00000, 0x0000000703e00000|  0%| F|  |TAMS 0x0000000703d00000, 0x0000000703d00000| Untracked 
|  26|0x0000000703e00000, 0x0000000703e00000, 0x0000000703f00000|  0%| F|  |TAMS 0x0000000703e00000, 0x0000000703e00000| Untracked 
|  27|0x0000000703f00000, 0x0000000703f00000, 0x0000000704000000|  0%| F|  |TAMS 0x0000000703f00000, 0x0000000703f00000| Untracked 
|  28|0x0000000704000000, 0x0000000704000000, 0x0000000704100000|  0%| F|  |TAMS 0x0000000704000000, 0x0000000704000000| Untracked 
|  29|0x0000000704100000, 0x0000000704100000, 0x0000000704200000|  0%| F|  |TAMS 0x0000000704100000, 0x0000000704100000| Untracked 
|  30|0x0000000704200000, 0x0000000704200000, 0x0000000704300000|  0%| F|  |TAMS 0x0000000704200000, 0x0000000704200000| Untracked 
|  31|0x0000000704300000, 0x0000000704300000, 0x0000000704400000|  0%| F|  |TAMS 0x0000000704300000, 0x0000000704300000| Untracked 
|  32|0x0000000704400000, 0x0000000704400000, 0x0000000704500000|  0%| F|  |TAMS 0x0000000704400000, 0x0000000704400000| Untracked 
|  33|0x0000000704500000, 0x0000000704500000, 0x0000000704600000|  0%| F|  |TAMS 0x0000000704500000, 0x0000000704500000| Untracked 
|  34|0x0000000704600000, 0x0000000704600000, 0x0000000704700000|  0%| F|  |TAMS 0x0000000704600000, 0x0000000704600000| Untracked 
|  35|0x0000000704700000, 0x0000000704700000, 0x0000000704800000|  0%| F|  |TAMS 0x0000000704700000, 0x0000000704700000| Untracked 
|  36|0x0000000704800000, 0x0000000704800000, 0x0000000704900000|  0%| F|  |TAMS 0x0000000704800000, 0x0000000704800000| Untracked 
|  37|0x0000000704900000, 0x0000000704900000, 0x0000000704a00000|  0%| F|  |TAMS 0x0000000704900000, 0x0000000704900000| Untracked 
|  38|0x0000000704a00000, 0x0000000704a00000, 0x0000000704b00000|  0%| F|  |TAMS 0x0000000704a00000, 0x0000000704a00000| Untracked 
|  39|0x0000000704b00000, 0x0000000704b00000, 0x0000000704c00000|  0%| F|  |TAMS 0x0000000704b00000, 0x0000000704b00000| Untracked 
|  40|0x0000000704c00000, 0x0000000704c00000, 0x0000000704d00000|  0%| F|  |TAMS 0x0000000704c00000, 0x0000000704c00000| Untracked 
|  41|0x0000000704d00000, 0x0000000704d00000, 0x0000000704e00000|  0%| F|  |TAMS 0x0000000704d00000, 0x0000000704d00000| Untracked 
|  42|0x0000000704e00000, 0x0000000704e00000, 0x0000000704f00000|  0%| F|  |TAMS 0x0000000704e00000, 0x0000000704e00000| Untracked 
|  43|0x0000000704f00000, 0x0000000704f00000, 0x0000000705000000|  0%| F|  |TAMS 0x0000000704f00000, 0x0000000704f00000| Untracked 
|  44|0x0000000705000000, 0x0000000705000000, 0x0000000705100000|  0%| F|  |TAMS 0x0000000705000000, 0x0000000705000000| Untracked 
|  45|0x0000000705100000, 0x0000000705100000, 0x0000000705200000|  0%| F|  |TAMS 0x0000000705100000, 0x0000000705100000| Untracked 
|  46|0x0000000705200000, 0x0000000705200000, 0x0000000705300000|  0%| F|  |TAMS 0x0000000705200000, 0x0000000705200000| Untracked 
|  47|0x0000000705300000, 0x0000000705300000, 0x0000000705400000|  0%| F|  |TAMS 0x0000000705300000, 0x0000000705300000| Untracked 
|  48|0x0000000705400000, 0x0000000705400000, 0x0000000705500000|  0%| F|  |TAMS 0x0000000705400000, 0x0000000705400000| Untracked 
|  49|0x0000000705500000, 0x0000000705500000, 0x0000000705600000|  0%| F|  |TAMS 0x0000000705500000, 0x0000000705500000| Untracked 
|  50|0x0000000705600000, 0x0000000705600000, 0x0000000705700000|  0%| F|  |TAMS 0x0000000705600000, 0x0000000705600000| Untracked 
|  51|0x0000000705700000, 0x0000000705700000, 0x0000000705800000|  0%| F|  |TAMS 0x0000000705700000, 0x0000000705700000| Untracked 
|  52|0x0000000705800000, 0x0000000705800000, 0x0000000705900000|  0%| F|  |TAMS 0x0000000705800000, 0x0000000705800000| Untracked 
|  53|0x0000000705900000, 0x0000000705900000, 0x0000000705a00000|  0%| F|  |TAMS 0x0000000705900000, 0x0000000705900000| Untracked 
|  54|0x0000000705a00000, 0x0000000705a00000, 0x0000000705b00000|  0%| F|  |TAMS 0x0000000705a00000, 0x0000000705a00000| Untracked 
|  55|0x0000000705b00000, 0x0000000705b00000, 0x0000000705c00000|  0%| F|  |TAMS 0x0000000705b00000, 0x0000000705b00000| Untracked 
|  56|0x0000000705c00000, 0x0000000705c00000, 0x0000000705d00000|  0%| F|  |TAMS 0x0000000705c00000, 0x0000000705c00000| Untracked 
|  57|0x0000000705d00000, 0x0000000705d00000, 0x0000000705e00000|  0%| F|  |TAMS 0x0000000705d00000, 0x0000000705d00000| Untracked 
|  58|0x0000000705e00000, 0x0000000705e00000, 0x0000000705f00000|  0%| F|  |TAMS 0x0000000705e00000, 0x0000000705e00000| Untracked 
|  59|0x0000000705f00000, 0x0000000705f00000, 0x0000000706000000|  0%| F|  |TAMS 0x0000000705f00000, 0x0000000705f00000| Untracked 
|  60|0x0000000706000000, 0x0000000706000000, 0x0000000706100000|  0%| F|  |TAMS 0x0000000706000000, 0x0000000706000000| Untracked 
|  61|0x0000000706100000, 0x0000000706100000, 0x0000000706200000|  0%| F|  |TAMS 0x0000000706100000, 0x0000000706100000| Untracked 
|  62|0x0000000706200000, 0x0000000706200000, 0x0000000706300000|  0%| F|  |TAMS 0x0000000706200000, 0x0000000706200000| Untracked 
|  63|0x0000000706300000, 0x0000000706300000, 0x0000000706400000|  0%| F|  |TAMS 0x0000000706300000, 0x0000000706300000| Untracked 
|  64|0x0000000706400000, 0x0000000706400000, 0x0000000706500000|  0%| F|  |TAMS 0x0000000706400000, 0x0000000706400000| Untracked 
|  65|0x0000000706500000, 0x0000000706500000, 0x0000000706600000|  0%| F|  |TAMS 0x0000000706500000, 0x0000000706500000| Untracked 
|  66|0x0000000706600000, 0x0000000706600000, 0x0000000706700000|  0%| F|  |TAMS 0x0000000706600000, 0x0000000706600000| Untracked 
|  67|0x0000000706700000, 0x0000000706700000, 0x0000000706800000|  0%| F|  |TAMS 0x0000000706700000, 0x0000000706700000| Untracked 
|  68|0x0000000706800000, 0x0000000706800000, 0x0000000706900000|  0%| F|  |TAMS 0x0000000706800000, 0x0000000706800000| Untracked 
|  69|0x0000000706900000, 0x0000000706900000, 0x0000000706a00000|  0%| F|  |TAMS 0x0000000706900000, 0x0000000706900000| Untracked 
|  70|0x0000000706a00000, 0x0000000706a00000, 0x0000000706b00000|  0%| F|  |TAMS 0x0000000706a00000, 0x0000000706a00000| Untracked 
|  71|0x0000000706b00000, 0x0000000706b00000, 0x0000000706c00000|  0%| F|  |TAMS 0x0000000706b00000, 0x0000000706b00000| Untracked 
|  72|0x0000000706c00000, 0x0000000706c00000, 0x0000000706d00000|  0%| F|  |TAMS 0x0000000706c00000, 0x0000000706c00000| Untracked 
|  73|0x0000000706d00000, 0x0000000706d00000, 0x0000000706e00000|  0%| F|  |TAMS 0x0000000706d00000, 0x0000000706d00000| Untracked 
|  74|0x0000000706e00000, 0x0000000706e00000, 0x0000000706f00000|  0%| F|  |TAMS 0x0000000706e00000, 0x0000000706e00000| Untracked 
|  75|0x0000000706f00000, 0x0000000706f00000, 0x0000000707000000|  0%| F|  |TAMS 0x0000000706f00000, 0x0000000706f00000| Untracked 
|  76|0x0000000707000000, 0x0000000707000000, 0x0000000707100000|  0%| F|  |TAMS 0x0000000707000000, 0x0000000707000000| Untracked 
|  77|0x0000000707100000, 0x0000000707100000, 0x0000000707200000|  0%| F|  |TAMS 0x0000000707100000, 0x0000000707100000| Untracked 
|  78|0x0000000707200000, 0x0000000707200000, 0x0000000707300000|  0%| F|  |TAMS 0x0000000707200000, 0x0000000707200000| Untracked 
|  79|0x0000000707300000, 0x0000000707300000, 0x0000000707400000|  0%| F|  |TAMS 0x0000000707300000, 0x0000000707300000| Untracked 
|  80|0x0000000707400000, 0x0000000707400000, 0x0000000707500000|  0%| F|  |TAMS 0x0000000707400000, 0x0000000707400000| Untracked 
|  81|0x0000000707500000, 0x0000000707500000, 0x0000000707600000|  0%| F|  |TAMS 0x0000000707500000, 0x0000000707500000| Untracked 
|  82|0x0000000707600000, 0x0000000707600000, 0x0000000707700000|  0%| F|  |TAMS 0x0000000707600000, 0x0000000707600000| Untracked 
|  83|0x0000000707700000, 0x0000000707700000, 0x0000000707800000|  0%| F|  |TAMS 0x0000000707700000, 0x0000000707700000| Untracked 
|  84|0x0000000707800000, 0x0000000707800000, 0x0000000707900000|  0%| F|  |TAMS 0x0000000707800000, 0x0000000707800000| Untracked 
|  85|0x0000000707900000, 0x0000000707900000, 0x0000000707a00000|  0%| F|  |TAMS 0x0000000707900000, 0x0000000707900000| Untracked 
|  86|0x0000000707a00000, 0x0000000707a00000, 0x0000000707b00000|  0%| F|  |TAMS 0x0000000707a00000, 0x0000000707a00000| Untracked 
|  87|0x0000000707b00000, 0x0000000707b00000, 0x0000000707c00000|  0%| F|  |TAMS 0x0000000707b00000, 0x0000000707b00000| Untracked 
|  88|0x0000000707c00000, 0x0000000707c00000, 0x0000000707d00000|  0%| F|  |TAMS 0x0000000707c00000, 0x0000000707c00000| Untracked 
|  89|0x0000000707d00000, 0x0000000707d00000, 0x0000000707e00000|  0%| F|  |TAMS 0x0000000707d00000, 0x0000000707d00000| Untracked 
|  90|0x0000000707e00000, 0x0000000707e00000, 0x0000000707f00000|  0%| F|  |TAMS 0x0000000707e00000, 0x0000000707e00000| Untracked 
|  91|0x0000000707f00000, 0x0000000707f00000, 0x0000000708000000|  0%| F|  |TAMS 0x0000000707f00000, 0x0000000707f00000| Untracked 
|  92|0x0000000708000000, 0x0000000708000000, 0x0000000708100000|  0%| F|  |TAMS 0x0000000708000000, 0x0000000708000000| Untracked 
|  93|0x0000000708100000, 0x0000000708100000, 0x0000000708200000|  0%| F|  |TAMS 0x0000000708100000, 0x0000000708100000| Untracked 
|  94|0x0000000708200000, 0x0000000708200000, 0x0000000708300000|  0%| F|  |TAMS 0x0000000708200000, 0x0000000708200000| Untracked 
|  95|0x0000000708300000, 0x0000000708300000, 0x0000000708400000|  0%| F|  |TAMS 0x0000000708300000, 0x0000000708300000| Untracked 
|  96|0x0000000708400000, 0x0000000708400000, 0x0000000708500000|  0%| F|  |TAMS 0x0000000708400000, 0x0000000708400000| Untracked 
|  97|0x0000000708500000, 0x0000000708500000, 0x0000000708600000|  0%| F|  |TAMS 0x0000000708500000, 0x0000000708500000| Untracked 
|  98|0x0000000708600000, 0x0000000708600000, 0x0000000708700000|  0%| F|  |TAMS 0x0000000708600000, 0x0000000708600000| Untracked 
|  99|0x0000000708700000, 0x0000000708700000, 0x0000000708800000|  0%| F|  |TAMS 0x0000000708700000, 0x0000000708700000| Untracked 
| 100|0x0000000708800000, 0x0000000708800000, 0x0000000708900000|  0%| F|  |TAMS 0x0000000708800000, 0x0000000708800000| Untracked 
| 101|0x0000000708900000, 0x0000000708900000, 0x0000000708a00000|  0%| F|  |TAMS 0x0000000708900000, 0x0000000708900000| Untracked 
| 102|0x0000000708a00000, 0x0000000708a00000, 0x0000000708b00000|  0%| F|  |TAMS 0x0000000708a00000, 0x0000000708a00000| Untracked 
| 103|0x0000000708b00000, 0x0000000708b00000, 0x0000000708c00000|  0%| F|  |TAMS 0x0000000708b00000, 0x0000000708b00000| Untracked 
| 104|0x0000000708c00000, 0x0000000708c00000, 0x0000000708d00000|  0%| F|  |TAMS 0x0000000708c00000, 0x0000000708c00000| Untracked 
| 105|0x0000000708d00000, 0x0000000708d00000, 0x0000000708e00000|  0%| F|  |TAMS 0x0000000708d00000, 0x0000000708d00000| Untracked 
| 106|0x0000000708e00000, 0x0000000708e00000, 0x0000000708f00000|  0%| F|  |TAMS 0x0000000708e00000, 0x0000000708e00000| Untracked 
| 107|0x0000000708f00000, 0x0000000708f00000, 0x0000000709000000|  0%| F|  |TAMS 0x0000000708f00000, 0x0000000708f00000| Untracked 
| 108|0x0000000709000000, 0x0000000709000000, 0x0000000709100000|  0%| F|  |TAMS 0x0000000709000000, 0x0000000709000000| Untracked 
| 109|0x0000000709100000, 0x0000000709100000, 0x0000000709200000|  0%| F|  |TAMS 0x0000000709100000, 0x0000000709100000| Untracked 
| 110|0x0000000709200000, 0x0000000709200000, 0x0000000709300000|  0%| F|  |TAMS 0x0000000709200000, 0x0000000709200000| Untracked 
| 111|0x0000000709300000, 0x0000000709300000, 0x0000000709400000|  0%| F|  |TAMS 0x0000000709300000, 0x0000000709300000| Untracked 
| 112|0x0000000709400000, 0x0000000709400000, 0x0000000709500000|  0%| F|  |TAMS 0x0000000709400000, 0x0000000709400000| Untracked 
| 113|0x0000000709500000, 0x0000000709500000, 0x0000000709600000|  0%| F|  |TAMS 0x0000000709500000, 0x0000000709500000| Untracked 
| 114|0x0000000709600000, 0x0000000709600000, 0x0000000709700000|  0%| F|  |TAMS 0x0000000709600000, 0x0000000709600000| Untracked 
| 115|0x0000000709700000, 0x0000000709700000, 0x0000000709800000|  0%| F|  |TAMS 0x0000000709700000, 0x0000000709700000| Untracked 
| 116|0x0000000709800000, 0x0000000709800000, 0x0000000709900000|  0%| F|  |TAMS 0x0000000709800000, 0x0000000709800000| Untracked 
| 117|0x0000000709900000, 0x0000000709900000, 0x0000000709a00000|  0%| F|  |TAMS 0x0000000709900000, 0x0000000709900000| Untracked 
| 118|0x0000000709a00000, 0x0000000709a00000, 0x0000000709b00000|  0%| F|  |TAMS 0x0000000709a00000, 0x0000000709a00000| Untracked 
| 119|0x0000000709b00000, 0x0000000709b00000, 0x0000000709c00000|  0%| F|  |TAMS 0x0000000709b00000, 0x0000000709b00000| Untracked 
| 120|0x0000000709c00000, 0x0000000709c00000, 0x0000000709d00000|  0%| F|  |TAMS 0x0000000709c00000, 0x0000000709c00000| Untracked 
| 121|0x0000000709d00000, 0x0000000709d00000, 0x0000000709e00000|  0%| F|  |TAMS 0x0000000709d00000, 0x0000000709d00000| Untracked 
| 122|0x0000000709e00000, 0x0000000709e00000, 0x0000000709f00000|  0%| F|  |TAMS 0x0000000709e00000, 0x0000000709e00000| Untracked 
| 123|0x0000000709f00000, 0x0000000709f00000, 0x000000070a000000|  0%| F|  |TAMS 0x0000000709f00000, 0x0000000709f00000| Untracked 
| 124|0x000000070a000000, 0x000000070a000000, 0x000000070a100000|  0%| F|  |TAMS 0x000000070a000000, 0x000000070a000000| Untracked 
| 125|0x000000070a100000, 0x000000070a100000, 0x000000070a200000|  0%| F|  |TAMS 0x000000070a100000, 0x000000070a100000| Untracked 
| 126|0x000000070a200000, 0x000000070a200000, 0x000000070a300000|  0%| F|  |TAMS 0x000000070a200000, 0x000000070a200000| Untracked 
| 127|0x000000070a300000, 0x000000070a300000, 0x000000070a400000|  0%| F|  |TAMS 0x000000070a300000, 0x000000070a300000| Untracked 
| 128|0x000000070a400000, 0x000000070a400000, 0x000000070a500000|  0%| F|  |TAMS 0x000000070a400000, 0x000000070a400000| Untracked 
| 129|0x000000070a500000, 0x000000070a500000, 0x000000070a600000|  0%| F|  |TAMS 0x000000070a500000, 0x000000070a500000| Untracked 
| 130|0x000000070a600000, 0x000000070a600000, 0x000000070a700000|  0%| F|  |TAMS 0x000000070a600000, 0x000000070a600000| Untracked 
| 131|0x000000070a700000, 0x000000070a700000, 0x000000070a800000|  0%| F|  |TAMS 0x000000070a700000, 0x000000070a700000| Untracked 
| 132|0x000000070a800000, 0x000000070a800000, 0x000000070a900000|  0%| F|  |TAMS 0x000000070a800000, 0x000000070a800000| Untracked 
| 133|0x000000070a900000, 0x000000070a900000, 0x000000070aa00000|  0%| F|  |TAMS 0x000000070a900000, 0x000000070a900000| Untracked 
| 134|0x000000070aa00000, 0x000000070aa00000, 0x000000070ab00000|  0%| F|  |TAMS 0x000000070aa00000, 0x000000070aa00000| Untracked 
| 135|0x000000070ab00000, 0x000000070ab00000, 0x000000070ac00000|  0%| F|  |TAMS 0x000000070ab00000, 0x000000070ab00000| Untracked 
| 136|0x000000070ac00000, 0x000000070ac00000, 0x000000070ad00000|  0%| F|  |TAMS 0x000000070ac00000, 0x000000070ac00000| Untracked 
| 137|0x000000070ad00000, 0x000000070ad00000, 0x000000070ae00000|  0%| F|  |TAMS 0x000000070ad00000, 0x000000070ad00000| Untracked 
| 138|0x000000070ae00000, 0x000000070ae00000, 0x000000070af00000|  0%| F|  |TAMS 0x000000070ae00000, 0x000000070ae00000| Untracked 
| 139|0x000000070af00000, 0x000000070af00000, 0x000000070b000000|  0%| F|  |TAMS 0x000000070af00000, 0x000000070af00000| Untracked 
| 140|0x000000070b000000, 0x000000070b000000, 0x000000070b100000|  0%| F|  |TAMS 0x000000070b000000, 0x000000070b000000| Untracked 
| 141|0x000000070b100000, 0x000000070b100000, 0x000000070b200000|  0%| F|  |TAMS 0x000000070b100000, 0x000000070b100000| Untracked 
| 142|0x000000070b200000, 0x000000070b200000, 0x000000070b300000|  0%| F|  |TAMS 0x000000070b200000, 0x000000070b200000| Untracked 
| 143|0x000000070b300000, 0x000000070b300000, 0x000000070b400000|  0%| F|  |TAMS 0x000000070b300000, 0x000000070b300000| Untracked 
| 144|0x000000070b400000, 0x000000070b400000, 0x000000070b500000|  0%| F|  |TAMS 0x000000070b400000, 0x000000070b400000| Untracked 
| 145|0x000000070b500000, 0x000000070b500000, 0x000000070b600000|  0%| F|  |TAMS 0x000000070b500000, 0x000000070b500000| Untracked 
| 146|0x000000070b600000, 0x000000070b600000, 0x000000070b700000|  0%| F|  |TAMS 0x000000070b600000, 0x000000070b600000| Untracked 
| 147|0x000000070b700000, 0x000000070b700000, 0x000000070b800000|  0%| F|  |TAMS 0x000000070b700000, 0x000000070b700000| Untracked 
| 148|0x000000070b800000, 0x000000070b800000, 0x000000070b900000|  0%| F|  |TAMS 0x000000070b800000, 0x000000070b800000| Untracked 
| 149|0x000000070b900000, 0x000000070b900000, 0x000000070ba00000|  0%| F|  |TAMS 0x000000070b900000, 0x000000070b900000| Untracked 
| 150|0x000000070ba00000, 0x000000070ba00000, 0x000000070bb00000|  0%| F|  |TAMS 0x000000070ba00000, 0x000000070ba00000| Untracked 
| 151|0x000000070bb00000, 0x000000070bb00000, 0x000000070bc00000|  0%| F|  |TAMS 0x000000070bb00000, 0x000000070bb00000| Untracked 
| 152|0x000000070bc00000, 0x000000070bc00000, 0x000000070bd00000|  0%| F|  |TAMS 0x000000070bc00000, 0x000000070bc00000| Untracked 
| 153|0x000000070bd00000, 0x000000070bd00000, 0x000000070be00000|  0%| F|  |TAMS 0x000000070bd00000, 0x000000070bd00000| Untracked 
| 154|0x000000070be00000, 0x000000070be00000, 0x000000070bf00000|  0%| F|  |TAMS 0x000000070be00000, 0x000000070be00000| Untracked 
| 155|0x000000070bf00000, 0x000000070bf00000, 0x000000070c000000|  0%| F|  |TAMS 0x000000070bf00000, 0x000000070bf00000| Untracked 
| 156|0x000000070c000000, 0x000000070c000000, 0x000000070c100000|  0%| F|  |TAMS 0x000000070c000000, 0x000000070c000000| Untracked 
| 157|0x000000070c100000, 0x000000070c100000, 0x000000070c200000|  0%| F|  |TAMS 0x000000070c100000, 0x000000070c100000| Untracked 
| 158|0x000000070c200000, 0x000000070c200000, 0x000000070c300000|  0%| F|  |TAMS 0x000000070c200000, 0x000000070c200000| Untracked 
| 159|0x000000070c300000, 0x000000070c300000, 0x000000070c400000|  0%| F|  |TAMS 0x000000070c300000, 0x000000070c300000| Untracked 
| 160|0x000000070c400000, 0x000000070c400000, 0x000000070c500000|  0%| F|  |TAMS 0x000000070c400000, 0x000000070c400000| Untracked 
| 161|0x000000070c500000, 0x000000070c500000, 0x000000070c600000|  0%| F|  |TAMS 0x000000070c500000, 0x000000070c500000| Untracked 
| 162|0x000000070c600000, 0x000000070c600000, 0x000000070c700000|  0%| F|  |TAMS 0x000000070c600000, 0x000000070c600000| Untracked 
| 163|0x000000070c700000, 0x000000070c700000, 0x000000070c800000|  0%| F|  |TAMS 0x000000070c700000, 0x000000070c700000| Untracked 
| 164|0x000000070c800000, 0x000000070c800000, 0x000000070c900000|  0%| F|  |TAMS 0x000000070c800000, 0x000000070c800000| Untracked 
| 165|0x000000070c900000, 0x000000070c900000, 0x000000070ca00000|  0%| F|  |TAMS 0x000000070c900000, 0x000000070c900000| Untracked 
| 166|0x000000070ca00000, 0x000000070ca00000, 0x000000070cb00000|  0%| F|  |TAMS 0x000000070ca00000, 0x000000070ca00000| Untracked 
| 167|0x000000070cb00000, 0x000000070cb00000, 0x000000070cc00000|  0%| F|  |TAMS 0x000000070cb00000, 0x000000070cb00000| Untracked 
| 168|0x000000070cc00000, 0x000000070cc00000, 0x000000070cd00000|  0%| F|  |TAMS 0x000000070cc00000, 0x000000070cc00000| Untracked 
| 169|0x000000070cd00000, 0x000000070cd00000, 0x000000070ce00000|  0%| F|  |TAMS 0x000000070cd00000, 0x000000070cd00000| Untracked 
| 170|0x000000070ce00000, 0x000000070ce00000, 0x000000070cf00000|  0%| F|  |TAMS 0x000000070ce00000, 0x000000070ce00000| Untracked 
| 171|0x000000070cf00000, 0x000000070cf00000, 0x000000070d000000|  0%| F|  |TAMS 0x000000070cf00000, 0x000000070cf00000| Untracked 
| 172|0x000000070d000000, 0x000000070d000000, 0x000000070d100000|  0%| F|  |TAMS 0x000000070d000000, 0x000000070d000000| Untracked 
| 173|0x000000070d100000, 0x000000070d100000, 0x000000070d200000|  0%| F|  |TAMS 0x000000070d100000, 0x000000070d100000| Untracked 
| 174|0x000000070d200000, 0x000000070d200000, 0x000000070d300000|  0%| F|  |TAMS 0x000000070d200000, 0x000000070d200000| Untracked 
| 175|0x000000070d300000, 0x000000070d300000, 0x000000070d400000|  0%| F|  |TAMS 0x000000070d300000, 0x000000070d300000| Untracked 
| 176|0x000000070d400000, 0x000000070d400000, 0x000000070d500000|  0%| F|  |TAMS 0x000000070d400000, 0x000000070d400000| Untracked 
| 177|0x000000070d500000, 0x000000070d500000, 0x000000070d600000|  0%| F|  |TAMS 0x000000070d500000, 0x000000070d500000| Untracked 
| 178|0x000000070d600000, 0x000000070d600000, 0x000000070d700000|  0%| F|  |TAMS 0x000000070d600000, 0x000000070d600000| Untracked 
| 179|0x000000070d700000, 0x000000070d700000, 0x000000070d800000|  0%| F|  |TAMS 0x000000070d700000, 0x000000070d700000| Untracked 
| 180|0x000000070d800000, 0x000000070d800000, 0x000000070d900000|  0%| F|  |TAMS 0x000000070d800000, 0x000000070d800000| Untracked 
| 181|0x000000070d900000, 0x000000070d900000, 0x000000070da00000|  0%| F|  |TAMS 0x000000070d900000, 0x000000070d900000| Untracked 
| 182|0x000000070da00000, 0x000000070da00000, 0x000000070db00000|  0%| F|  |TAMS 0x000000070da00000, 0x000000070da00000| Untracked 
| 183|0x000000070db00000, 0x000000070db00000, 0x000000070dc00000|  0%| F|  |TAMS 0x000000070db00000, 0x000000070db00000| Untracked 
| 184|0x000000070dc00000, 0x000000070dc00000, 0x000000070dd00000|  0%| F|  |TAMS 0x000000070dc00000, 0x000000070dc00000| Untracked 
| 185|0x000000070dd00000, 0x000000070dd00000, 0x000000070de00000|  0%| F|  |TAMS 0x000000070dd00000, 0x000000070dd00000| Untracked 
| 186|0x000000070de00000, 0x000000070de00000, 0x000000070df00000|  0%| F|  |TAMS 0x000000070de00000, 0x000000070de00000| Untracked 
| 187|0x000000070df00000, 0x000000070df00000, 0x000000070e000000|  0%| F|  |TAMS 0x000000070df00000, 0x000000070df00000| Untracked 
| 188|0x000000070e000000, 0x000000070e000000, 0x000000070e100000|  0%| F|  |TAMS 0x000000070e000000, 0x000000070e000000| Untracked 
| 189|0x000000070e100000, 0x000000070e100000, 0x000000070e200000|  0%| F|  |TAMS 0x000000070e100000, 0x000000070e100000| Untracked 
| 190|0x000000070e200000, 0x000000070e200000, 0x000000070e300000|  0%| F|  |TAMS 0x000000070e200000, 0x000000070e200000| Untracked 
| 191|0x000000070e300000, 0x000000070e300000, 0x000000070e400000|  0%| F|  |TAMS 0x000000070e300000, 0x000000070e300000| Untracked 
| 192|0x000000070e400000, 0x000000070e400000, 0x000000070e500000|  0%| F|  |TAMS 0x000000070e400000, 0x000000070e400000| Untracked 
| 193|0x000000070e500000, 0x000000070e500000, 0x000000070e600000|  0%| F|  |TAMS 0x000000070e500000, 0x000000070e500000| Untracked 
| 194|0x000000070e600000, 0x000000070e600000, 0x000000070e700000|  0%| F|  |TAMS 0x000000070e600000, 0x000000070e600000| Untracked 
| 195|0x000000070e700000, 0x000000070e700000, 0x000000070e800000|  0%| F|  |TAMS 0x000000070e700000, 0x000000070e700000| Untracked 
| 196|0x000000070e800000, 0x000000070e800000, 0x000000070e900000|  0%| F|  |TAMS 0x000000070e800000, 0x000000070e800000| Untracked 
| 197|0x000000070e900000, 0x000000070e900000, 0x000000070ea00000|  0%| F|  |TAMS 0x000000070e900000, 0x000000070e900000| Untracked 
| 198|0x000000070ea00000, 0x000000070ea00000, 0x000000070eb00000|  0%| F|  |TAMS 0x000000070ea00000, 0x000000070ea00000| Untracked 
| 199|0x000000070eb00000, 0x000000070eb00000, 0x000000070ec00000|  0%| F|  |TAMS 0x000000070eb00000, 0x000000070eb00000| Untracked 
| 200|0x000000070ec00000, 0x000000070ec00000, 0x000000070ed00000|  0%| F|  |TAMS 0x000000070ec00000, 0x000000070ec00000| Untracked 
| 201|0x000000070ed00000, 0x000000070ed00000, 0x000000070ee00000|  0%| F|  |TAMS 0x000000070ed00000, 0x000000070ed00000| Untracked 
| 202|0x000000070ee00000, 0x000000070ee00000, 0x000000070ef00000|  0%| F|  |TAMS 0x000000070ee00000, 0x000000070ee00000| Untracked 
| 203|0x000000070ef00000, 0x000000070ef00000, 0x000000070f000000|  0%| F|  |TAMS 0x000000070ef00000, 0x000000070ef00000| Untracked 
| 204|0x000000070f000000, 0x000000070f000000, 0x000000070f100000|  0%| F|  |TAMS 0x000000070f000000, 0x000000070f000000| Untracked 
| 205|0x000000070f100000, 0x000000070f100000, 0x000000070f200000|  0%| F|  |TAMS 0x000000070f100000, 0x000000070f100000| Untracked 
| 206|0x000000070f200000, 0x000000070f200000, 0x000000070f300000|  0%| F|  |TAMS 0x000000070f200000, 0x000000070f200000| Untracked 
| 207|0x000000070f300000, 0x000000070f300000, 0x000000070f400000|  0%| F|  |TAMS 0x000000070f300000, 0x000000070f300000| Untracked 
| 208|0x000000070f400000, 0x000000070f400000, 0x000000070f500000|  0%| F|  |TAMS 0x000000070f400000, 0x000000070f400000| Untracked 
| 209|0x000000070f500000, 0x000000070f500000, 0x000000070f600000|  0%| F|  |TAMS 0x000000070f500000, 0x000000070f500000| Untracked 
| 210|0x000000070f600000, 0x000000070f600000, 0x000000070f700000|  0%| F|  |TAMS 0x000000070f600000, 0x000000070f600000| Untracked 
| 211|0x000000070f700000, 0x000000070f700000, 0x000000070f800000|  0%| F|  |TAMS 0x000000070f700000, 0x000000070f700000| Untracked 
| 212|0x000000070f800000, 0x000000070f800000, 0x000000070f900000|  0%| F|  |TAMS 0x000000070f800000, 0x000000070f800000| Untracked 
| 213|0x000000070f900000, 0x000000070f900000, 0x000000070fa00000|  0%| F|  |TAMS 0x000000070f900000, 0x000000070f900000| Untracked 
| 214|0x000000070fa00000, 0x000000070fa00000, 0x000000070fb00000|  0%| F|  |TAMS 0x000000070fa00000, 0x000000070fa00000| Untracked 
| 215|0x000000070fb00000, 0x000000070fb00000, 0x000000070fc00000|  0%| F|  |TAMS 0x000000070fb00000, 0x000000070fb00000| Untracked 
| 216|0x000000070fc00000, 0x000000070fc00000, 0x000000070fd00000|  0%| F|  |TAMS 0x000000070fc00000, 0x000000070fc00000| Untracked 
| 217|0x000000070fd00000, 0x000000070fd00000, 0x000000070fe00000|  0%| F|  |TAMS 0x000000070fd00000, 0x000000070fd00000| Untracked 
| 218|0x000000070fe00000, 0x000000070fe00000, 0x000000070ff00000|  0%| F|  |TAMS 0x000000070fe00000, 0x000000070fe00000| Untracked 
| 219|0x000000070ff00000, 0x000000070ff00000, 0x0000000710000000|  0%| F|  |TAMS 0x000000070ff00000, 0x000000070ff00000| Untracked 
| 220|0x0000000710000000, 0x0000000710000000, 0x0000000710100000|  0%| F|  |TAMS 0x0000000710000000, 0x0000000710000000| Untracked 
| 221|0x0000000710100000, 0x0000000710100000, 0x0000000710200000|  0%| F|  |TAMS 0x0000000710100000, 0x0000000710100000| Untracked 
| 222|0x0000000710200000, 0x0000000710200000, 0x0000000710300000|  0%| F|  |TAMS 0x0000000710200000, 0x0000000710200000| Untracked 
| 223|0x0000000710300000, 0x0000000710300000, 0x0000000710400000|  0%| F|  |TAMS 0x0000000710300000, 0x0000000710300000| Untracked 
| 224|0x0000000710400000, 0x0000000710400000, 0x0000000710500000|  0%| F|  |TAMS 0x0000000710400000, 0x0000000710400000| Untracked 
| 225|0x0000000710500000, 0x0000000710500000, 0x0000000710600000|  0%| F|  |TAMS 0x0000000710500000, 0x0000000710500000| Untracked 
| 226|0x0000000710600000, 0x0000000710600000, 0x0000000710700000|  0%| F|  |TAMS 0x0000000710600000, 0x0000000710600000| Untracked 
| 227|0x0000000710700000, 0x0000000710700000, 0x0000000710800000|  0%| F|  |TAMS 0x0000000710700000, 0x0000000710700000| Untracked 
| 228|0x0000000710800000, 0x0000000710800000, 0x0000000710900000|  0%| F|  |TAMS 0x0000000710800000, 0x0000000710800000| Untracked 
| 229|0x0000000710900000, 0x0000000710900000, 0x0000000710a00000|  0%| F|  |TAMS 0x0000000710900000, 0x0000000710900000| Untracked 
| 230|0x0000000710a00000, 0x0000000710a00000, 0x0000000710b00000|  0%| F|  |TAMS 0x0000000710a00000, 0x0000000710a00000| Untracked 
| 231|0x0000000710b00000, 0x0000000710b00000, 0x0000000710c00000|  0%| F|  |TAMS 0x0000000710b00000, 0x0000000710b00000| Untracked 
| 232|0x0000000710c00000, 0x0000000710c00000, 0x0000000710d00000|  0%| F|  |TAMS 0x0000000710c00000, 0x0000000710c00000| Untracked 
| 233|0x0000000710d00000, 0x0000000710d00000, 0x0000000710e00000|  0%| F|  |TAMS 0x0000000710d00000, 0x0000000710d00000| Untracked 
| 234|0x0000000710e00000, 0x0000000710e00000, 0x0000000710f00000|  0%| F|  |TAMS 0x0000000710e00000, 0x0000000710e00000| Untracked 
| 235|0x0000000710f00000, 0x0000000710f00000, 0x0000000711000000|  0%| F|  |TAMS 0x0000000710f00000, 0x0000000710f00000| Untracked 
| 236|0x0000000711000000, 0x0000000711000000, 0x0000000711100000|  0%| F|  |TAMS 0x0000000711000000, 0x0000000711000000| Untracked 
| 237|0x0000000711100000, 0x0000000711100000, 0x0000000711200000|  0%| F|  |TAMS 0x0000000711100000, 0x0000000711100000| Untracked 
| 238|0x0000000711200000, 0x0000000711200000, 0x0000000711300000|  0%| F|  |TAMS 0x0000000711200000, 0x0000000711200000| Untracked 
| 239|0x0000000711300000, 0x0000000711300000, 0x0000000711400000|  0%| F|  |TAMS 0x0000000711300000, 0x0000000711300000| Untracked 
| 240|0x0000000711400000, 0x0000000711500000, 0x0000000711500000|100%| E|  |TAMS 0x0000000711400000, 0x0000000711400000| Complete 
| 241|0x0000000711500000, 0x0000000711600000, 0x0000000711600000|100%| E|CS|TAMS 0x0000000711500000, 0x0000000711500000| Complete 
| 242|0x0000000711600000, 0x0000000711700000, 0x0000000711700000|100%| E|CS|TAMS 0x0000000711600000, 0x0000000711600000| Complete 
| 243|0x0000000711700000, 0x0000000711800000, 0x0000000711800000|100%| E|CS|TAMS 0x0000000711700000, 0x0000000711700000| Complete 
| 244|0x0000000711800000, 0x0000000711900000, 0x0000000711900000|100%| E|CS|TAMS 0x0000000711800000, 0x0000000711800000| Complete 
| 245|0x0000000711900000, 0x0000000711a00000, 0x0000000711a00000|100%| E|CS|TAMS 0x0000000711900000, 0x0000000711900000| Complete 
| 246|0x0000000711a00000, 0x0000000711b00000, 0x0000000711b00000|100%| E|CS|TAMS 0x0000000711a00000, 0x0000000711a00000| Complete 
| 247|0x0000000711b00000, 0x0000000711c00000, 0x0000000711c00000|100%| E|CS|TAMS 0x0000000711b00000, 0x0000000711b00000| Complete 
| 248|0x0000000711c00000, 0x0000000711d00000, 0x0000000711d00000|100%| E|CS|TAMS 0x0000000711c00000, 0x0000000711c00000| Complete 
| 249|0x0000000711d00000, 0x0000000711e00000, 0x0000000711e00000|100%| E|CS|TAMS 0x0000000711d00000, 0x0000000711d00000| Complete 
| 250|0x0000000711e00000, 0x0000000711f00000, 0x0000000711f00000|100%| E|CS|TAMS 0x0000000711e00000, 0x0000000711e00000| Complete 
| 251|0x0000000711f00000, 0x0000000712000000, 0x0000000712000000|100%| E|CS|TAMS 0x0000000711f00000, 0x0000000711f00000| Complete 
| 252|0x0000000712000000, 0x0000000712100000, 0x0000000712100000|100%| E|CS|TAMS 0x0000000712000000, 0x0000000712000000| Complete 
| 253|0x0000000712100000, 0x0000000712200000, 0x0000000712200000|100%| E|CS|TAMS 0x0000000712100000, 0x0000000712100000| Complete 

Card table byte_map: [0x000001ee7b580000,0x000001ee7bd70000] _byte_map_base: 0x000001ee77d6e000

Marking Bits (Prev, Next): (CMBitMap*) 0x000001ee70962cf8, (CMBitMap*) 0x000001ee70962d30
 Prev Bits: [0x000001ee0f000000, 0x000001ee12f70000)
 Next Bits: [0x000001ee12f70000, 0x000001ee16ee0000)

Polling page: 0x000001ee709d0000

Metaspace:

Usage:
  Non-class:     15.48 MB capacity,    15.31 MB ( 99%) used,   129.15 KB ( <1%) free+waste,    47.63 KB ( <1%) overhead. 
      Class:      2.14 MB capacity,     1.97 MB ( 92%) used,   149.38 KB (  7%) free+waste,    25.25 KB (  1%) overhead. 
       Both:     17.62 MB capacity,    17.28 MB ( 98%) used,   278.52 KB (  2%) free+waste,    72.88 KB ( <1%) overhead. 

Virtual space:
  Non-class space:       16.00 MB reserved,      15.50 MB ( 97%) committed 
      Class space:        1.00 GB reserved,       2.25 MB ( <1%) committed 
             Both:        1.02 GB reserved,      17.75 MB (  2%) committed 

Chunk freelists:
   Non-Class:  20.00 KB
       Class:  0 bytes
        Both:  20.00 KB

MaxMetaspaceSize: 17179869184.00 GB
CompressedClassSpaceSize: 1.00 GB

CodeHeap 'non-profiled nmethods': size=120064Kb used=400Kb max_used=400Kb free=119663Kb
 bounds [0x000001ee07ac0000, 0x000001ee07d30000, 0x000001ee0f000000]
CodeHeap 'profiled nmethods': size=120000Kb used=2427Kb max_used=2427Kb free=117572Kb
 bounds [0x000001ee00590000, 0x000001ee00800000, 0x000001ee07ac0000]
CodeHeap 'non-nmethods': size=5696Kb used=1211Kb max_used=1232Kb free=4484Kb
 bounds [0x000001ee00000000, 0x000001ee00270000, 0x000001ee00590000]
 total_blobs=2263 nmethods=1213 adapters=483
 compilation: enabled
              stopped_count=0, restarted_count=0
 full_count=0

Compilation events (20 events):
Event: 11.979 Thread 0x000001ee7f521000 1202       3       java.awt.Component::getBackground (29 bytes)
Event: 11.979 Thread 0x000001ee7f51e000 nmethod 1201 0x000001ee07b1e090 code [0x000001ee07b1e220, 0x000001ee07b1e358]
Event: 11.979 Thread 0x000001ee7f521000 nmethod 1202 0x000001ee007ee310 code [0x000001ee007ee4e0, 0x000001ee007ee7d0]
Event: 11.982 Thread 0x000001ee7f521000 1203       3       java.lang.ref.PhantomReference::<init> (7 bytes)
Event: 11.983 Thread 0x000001ee7f521000 nmethod 1203 0x000001ee007ee890 code [0x000001ee007eea60, 0x000001ee007eed98]
Event: 11.986 Thread 0x000001ee7f521000 1204       1       java.lang.reflect.Constructor::getConstructorAccessor (5 bytes)
Event: 11.986 Thread 0x000001ee7f521000 nmethod 1204 0x000001ee07b1e410 code [0x000001ee07b1e5c0, 0x000001ee07b1e6d8]
Event: 11.986 Thread 0x000001ee7f521000 1205       1       java.lang.reflect.Constructor::getDeclaringClass (5 bytes)
Event: 11.986 Thread 0x000001ee7f521000 nmethod 1205 0x000001ee07b1e790 code [0x000001ee07b1e940, 0x000001ee07b1ea58]
Event: 11.986 Thread 0x000001ee7f521000 1206       1       java.lang.reflect.Constructor::getRoot (5 bytes)
Event: 11.986 Thread 0x000001ee7f521000 nmethod 1206 0x000001ee07b1eb10 code [0x000001ee07b1ecc0, 0x000001ee07b1edd8]
Event: 11.986 Thread 0x000001ee7f521000 1207       1       jdk.internal.reflect.DelegatingConstructorAccessorImpl::setDelegate (6 bytes)
Event: 11.986 Thread 0x000001ee7f521000 nmethod 1207 0x000001ee07b1ee90 code [0x000001ee07b1f040, 0x000001ee07b1f1b8]
Event: 11.986 Thread 0x000001ee7f521000 1208       1       jdk.internal.reflect.NativeConstructorAccessorImpl::setParent (6 bytes)
Event: 11.986 Thread 0x000001ee7f521000 nmethod 1208 0x000001ee07b1f210 code [0x000001ee07b1f3c0, 0x000001ee07b1f538]
Event: 11.989 Thread 0x000001ee7f521000 1209       1       java.lang.invoke.StringConcatFactory$Recipe::getElements (5 bytes)
Event: 11.989 Thread 0x000001ee7f521000 nmethod 1209 0x000001ee07b1f590 code [0x000001ee07b1f740, 0x000001ee07b1f858]
Event: 11.991 Thread 0x000001ee7f51e000 1210       4       jdk.internal.org.objectweb.asm.Frame::get (46 bytes)
Event: 11.993 Thread 0x000001ee7f51e000 nmethod 1210 0x000001ee07b1fd10 code [0x000001ee07b1fea0, 0x000001ee07b1ff78]
Event: 11.993 Thread 0x000001ee7f51e000 1211       4       java.lang.invoke.InvokerBytecodeGenerator::emitImplicitConversion (159 bytes)

GC Heap History (0 events):
No events

Deoptimization events (20 events):
Event: 10.798 Thread 0x000001ee708fc000 Uncommon trap: trap_request=0xffffff4d fr.pc=0x000001ee07ace37c relative=0x0000000000000d7c
Event: 10.798 Thread 0x000001ee708fc000 Uncommon trap: reason=unstable_if action=reinterpret pc=0x000001ee07ace37c method=java.util.HashMap.putVal(ILjava/lang/Object;Ljava/lang/Object;ZZ)Ljava/lang/Object; @ 181 c2
Event: 10.798 Thread 0x000001ee708fc000 DEOPT PACKING pc=0x000001ee07ace37c sp=0x000000104c6f9f00
Event: 10.798 Thread 0x000001ee708fc000 DEOPT UNPACKING pc=0x000001ee000291af sp=0x000000104c6f9ea0 mode 2
Event: 11.981 Thread 0x000001ee708fc000 Uncommon trap: trap_request=0xffffffbe fr.pc=0x000001ee07b1c310 relative=0x00000000000004d0
Event: 11.981 Thread 0x000001ee708fc000 Uncommon trap: reason=profile_predicate action=maybe_recompile pc=0x000001ee07b1c310 method=java.io.WinNTFileSystem.normalize(Ljava/lang/String;)Ljava/lang/String; @ 25 c2
Event: 11.981 Thread 0x000001ee708fc000 DEOPT PACKING pc=0x000001ee07b1c310 sp=0x000000104c6fbab0
Event: 11.981 Thread 0x000001ee708fc000 DEOPT UNPACKING pc=0x000001ee000291af sp=0x000000104c6fba38 mode 2
Event: 11.981 Thread 0x000001ee708fc000 Uncommon trap: trap_request=0xffffffbe fr.pc=0x000001ee07b1c310 relative=0x00000000000004d0
Event: 11.981 Thread 0x000001ee708fc000 Uncommon trap: reason=profile_predicate action=maybe_recompile pc=0x000001ee07b1c310 method=java.io.WinNTFileSystem.normalize(Ljava/lang/String;)Ljava/lang/String; @ 25 c2
Event: 11.981 Thread 0x000001ee708fc000 DEOPT PACKING pc=0x000001ee07b1c310 sp=0x000000104c6fbaa0
Event: 11.981 Thread 0x000001ee708fc000 DEOPT UNPACKING pc=0x000001ee000291af sp=0x000000104c6fba28 mode 2
Event: 11.983 Thread 0x000001ee708fc000 Uncommon trap: trap_request=0xffffffbe fr.pc=0x000001ee07b1c310 relative=0x00000000000004d0
Event: 11.983 Thread 0x000001ee708fc000 Uncommon trap: reason=profile_predicate action=maybe_recompile pc=0x000001ee07b1c310 method=java.io.WinNTFileSystem.normalize(Ljava/lang/String;)Ljava/lang/String; @ 25 c2
Event: 11.983 Thread 0x000001ee708fc000 DEOPT PACKING pc=0x000001ee07b1c310 sp=0x000000104c6fb360
Event: 11.983 Thread 0x000001ee708fc000 DEOPT UNPACKING pc=0x000001ee000291af sp=0x000000104c6fb2e8 mode 2
Event: 11.985 Thread 0x000001ee708fc000 Uncommon trap: trap_request=0xffffffbe fr.pc=0x000001ee07b1c310 relative=0x00000000000004d0
Event: 11.985 Thread 0x000001ee708fc000 Uncommon trap: reason=profile_predicate action=maybe_recompile pc=0x000001ee07b1c310 method=java.io.WinNTFileSystem.normalize(Ljava/lang/String;)Ljava/lang/String; @ 25 c2
Event: 11.985 Thread 0x000001ee708fc000 DEOPT PACKING pc=0x000001ee07b1c310 sp=0x000000104c6fba00
Event: 11.985 Thread 0x000001ee708fc000 DEOPT UNPACKING pc=0x000001ee000291af sp=0x000000104c6fb988 mode 2

Classes redefined (0 events):
No events

Internal exceptions (20 events):
Event: 1.831 Thread 0x000001ee708fc000 Exception <a 'java/lang/NoSuchMethodError'{0x0000000711efe070}: 'java.lang.Object java.lang.invoke.DelegatingMethodHandle$Holder.reinvoke_L(java.lang.Object, int, int, java.lang.Object, java.lang.Object, java.lang.Object)'> (0x0000000711efe070) thrown at [./src/hotspot/share/interpreter/linkResolver.cpp, line 773]
Event: 1.832 Thread 0x000001ee708fc000 Exception <a 'java/lang/NoSuchMethodError'{0x0000000711d02688}: 'java.lang.Object java.lang.invoke.DirectMethodHandle$Holder.invokeStatic(java.lang.Object, java.lang.Object, java.lang.Object, java.lang.Object, int)'> (0x0000000711d02688) thrown at [./src/hotspot/share/interpreter/linkResolver.cpp, line 773]
Event: 1.852 Thread 0x000001ee708fc000 Exception <a 'java/io/FileNotFoundException'{0x0000000711d65298}> (0x0000000711d65298) thrown at [./src/hotspot/share/prims/jni.cpp, line 615]
Event: 2.399 Thread 0x000001ee17128800 Exception <a 'java/lang/NoSuchMethodError'{0x0000000711c05280}: 'void java.lang.invoke.DirectMethodHandle$Holder.invokeSpecial(java.lang.Object, java.lang.Object)'> (0x0000000711c05280) thrown at [./src/hotspot/share/interpreter/linkResolver.cpp, line 773]
Event: 2.406 Thread 0x000001ee708fc000 Exception <a 'java/lang/NoSuchMethodError'{0x0000000711c4ac00}: 'java.lang.Object java.lang.invoke.DirectMethodHandle$Holder.invokeStatic(java.lang.Object, java.lang.Object, java.lang.Object, java.lang.Object, java.lang.Object, java.lang.Object, java.lang.Object, java.lang.Object, int)'> (0x0000000711c4ac00) thrown at [./src/hotspot/share/interpreter/linkResolver.cpp, line 773]
Event: 2.410 Thread 0x000001ee708fc000 Exception <a 'java/lang/NoSuchMethodError'{0x0000000711c64b60}: 'java.lang.Object java.lang.invoke.DirectMethodHandle$Holder.invokeStatic(java.lang.Object, java.lang.Object, java.lang.Object, java.lang.Object, java.lang.Object, java.lang.Object, java.lang.Object, java.lang.Object, int, int)'> (0x0000000711c64b60) thrown at [./src/hotspot/share/interpreter/linkResolver.cpp, line 773]
Event: 2.574 Thread 0x000001ee708fc000 Exception <a 'java/lang/NoSuchMethodError'{0x0000000711b75650}: 'java.lang.Object java.lang.invoke.DirectMethodHandle$Holder.invokeStatic(java.lang.Object, int, java.lang.Object, java.lang.Object, java.lang.Object, java.lang.Object)'> (0x0000000711b75650) thrown at [./src/hotspot/share/interpreter/linkResolver.cpp, line 773]
Event: 2.575 Thread 0x000001ee708fc000 Exception <a 'java/lang/NoSuchMethodError'{0x0000000711b7c710}: 'java.lang.Object java.lang.invoke.DirectMethodHandle$Holder.invokeStatic(java.lang.Object, int, java.lang.Object, java.lang.Object, java.lang.Object)'> (0x0000000711b7c710) thrown at [./src/hotspot/share/interpreter/linkResolver.cpp, line 773]
Event: 2.576 Thread 0x000001ee708fc000 Exception <a 'java/lang/NoSuchMethodError'{0x0000000711b80258}: 'java.lang.Object java.lang.invoke.DirectMethodHandle$Holder.invokeSpecial(java.lang.Object, java.lang.Object, int, java.lang.Object, java.lang.Object, java.lang.Object)'> (0x0000000711b80258) thrown at [./src/hotspot/share/interpreter/linkResolver.cpp, line 773]
Event: 2.676 Thread 0x000001ee708fc000 Exception <a 'java/lang/NoSuchMethodError'{0x0000000711b97d90}: 'java.lang.Object java.lang.invoke.DirectMethodHandle$Holder.invokeStatic(java.lang.Object, int, java.lang.Object)'> (0x0000000711b97d90) thrown at [./src/hotspot/share/interpreter/linkResolver.cpp, line 773]
Event: 2.760 Thread 0x000001ee708fc000 Exception <a 'java/lang/ClassNotFoundException'{0x0000000711a45458}: com/sun/swing/internal/plaf/metal/resources/spi/metalProvider> (0x0000000711a45458) thrown at [./src/hotspot/share/classfile/systemDictionary.cpp, line 231]
Event: 2.762 Thread 0x000001ee708fc000 Exception <a 'java/lang/ClassNotFoundException'{0x0000000711a4a1c8}: com/sun/swing/internal/plaf/basic/resources/spi/basicProvider> (0x0000000711a4a1c8) thrown at [./src/hotspot/share/classfile/systemDictionary.cpp, line 231]
Event: 9.965 Thread 0x000001ee708fc000 Exception <a 'java/lang/NoSuchMethodError'{0x0000000711823980}: 'java.lang.Object java.lang.invoke.DirectMethodHandle$Holder.invokeStatic(java.lang.Object, java.lang.Object, java.lang.Object, java.lang.Object, java.lang.Object, java.lang.Object, java.lang.Object, java.lang.Object, java.lang.Object, java.lang.Object, java.lang.Object, int)'> (0x0000000711823980) thrown at [./src/hotspot/share/interpreter/linkResolver.cpp, line 773]
Event: 9.979 Thread 0x000001ee708fc000 Exception <a 'java/lang/NoSuchMethodError'{0x0000000711841880}: 'java.lang.Object java.lang.invoke.DirectMethodHandle$Holder.invokeStatic(java.lang.Object, java.lang.Object, java.lang.Object, java.lang.Object, java.lang.Object, java.lang.Object, java.lang.Object, java.lang.Object, java.lang.Object, java.lang.Object, java.lang.Object, int, int)'> (0x0000000711841880) thrown at [./src/hotspot/share/interpreter/linkResolver.cpp, line 773]
Event: 9.989 Thread 0x000001ee708fc000 Exception <a 'java/lang/NoSuchMethodError'{0x0000000711860850}: 'java.lang.Object java.lang.invoke.DirectMethodHandle$Holder.invokeStatic(java.lang.Object, java.lang.Object, java.lang.Object, java.lang.Object, java.lang.Object, java.lang.Object, java.lang.Object, java.lang.Object, java.lang.Object, java.lang.Object, java.lang.Object, int, int, java.lang.Object)'> (0x0000000711860850) thrown at [./src/hotspot/share/interpreter/linkResolver.cpp, line 773]
Event: 10.002 Thread 0x000001ee708fc000 Exception <a 'java/lang/NoSuchMethodError'{0x0000000711880c68}: 'java.lang.Object java.lang.invoke.DirectMethodHandle$Holder.invokeStatic(java.lang.Object, java.lang.Object, java.lang.Object, java.lang.Object, java.lang.Object, java.lang.Object, java.lang.Object, java.lang.Object, java.lang.Object, java.lang.Object, java.lang.Object, int, int, java.lang.Object, java.lang.Object)'> (0x0000000711880c68) thrown at [./src/hotspot/share/interpreter/linkResolver.cpp, line 773]
Event: 10.755 Thread 0x000001ee708fc000 Exception <a 'java/io/FileNotFoundException'{0x000000071160b590}> (0x000000071160b590) thrown at [./src/hotspot/share/prims/jni.cpp, line 615]
Event: 10.755 Thread 0x000001ee708fc000 Exception <a 'java/lang/NullPointerException'{0x000000071160be80}> (0x000000071160be80) thrown at [./src/hotspot/share/interpreter/linkResolver.cpp, line 1358]
Event: 11.975 Thread 0x000001ee708fc000 Exception <a 'java/lang/NoSuchMethodError'{0x00000007114a71a8}: 'void java.lang.invoke.DirectMethodHandle$Holder.invokeStaticInit(java.lang.Object)'> (0x00000007114a71a8) thrown at [./src/hotspot/share/interpreter/linkResolver.cpp, line 773]
Event: 11.992 Thread 0x000001ee708fc000 Exception <a 'java/lang/NoSuchMethodError'{0x00000007114fd140}: 'java.lang.Object java.lang.invoke.Invokers$Holder.linkToTargetMethod(java.lang.Object, int, java.lang.Object)'> (0x00000007114fd140) thrown at [./src/hotspot/share/interpreter/linkResolver.cpp, line 773]

Events (20 events):
Event: 11.983 loading class sun/awt/AWTCharset done
Event: 11.983 loading class sun/awt/windows/WDefaultFontCharset done
Event: 11.984 loading class sun/nio/cs/MS1252
Event: 11.984 loading class sun/nio/cs/MS1252 done
Event: 11.984 loading class sun/nio/cs/SingleByte
Event: 11.984 loading class sun/nio/cs/SingleByte done
Event: 11.984 loading class sun/awt/windows/WDefaultFontCharset$Encoder
Event: 11.984 loading class sun/awt/AWTCharset$Encoder
Event: 11.984 loading class sun/awt/AWTCharset$Encoder done
Event: 11.984 loading class sun/awt/windows/WDefaultFontCharset$Encoder done
Event: 11.984 loading class sun/nio/cs/SingleByte$Encoder
Event: 11.985 loading class sun/nio/cs/SingleByte$Encoder done
Event: 11.985 loading class sun/awt/windows/WingDings
Event: 11.986 loading class sun/awt/windows/WingDings done
Event: 11.986 loading class sun/awt/windows/WingDings$Encoder
Event: 11.986 loading class sun/awt/windows/WingDings$Encoder done
Event: 11.986 loading class sun/awt/Symbol
Event: 11.986 loading class sun/awt/Symbol done
Event: 11.987 loading class sun/awt/Symbol$Encoder
Event: 11.987 loading class sun/awt/Symbol$Encoder done


Dynamic libraries:
0x00007ff706670000 - 0x00007ff70667d000 	C:\Program Files\AdoptOpenJDK\jdk-11.0.7.10-hotspot\bin\java.exe
0x00007fff847c0000 - 0x00007fff849b0000 	C:\WINDOWS\SYSTEM32\ntdll.dll
0x00007fff82870000 - 0x00007fff82922000 	C:\WINDOWS\System32\KERNEL32.DLL
0x00007fff81c10000 - 0x00007fff81eb5000 	C:\WINDOWS\System32\KERNELBASE.dll
0x00007fff81970000 - 0x00007fff81a6a000 	C:\WINDOWS\System32\ucrtbase.dll
0x00007fff6c140000 - 0x00007fff6c157000 	C:\Program Files\AdoptOpenJDK\jdk-11.0.7.10-hotspot\bin\jli.dll
0x00007fff83940000 - 0x00007fff83ad4000 	C:\WINDOWS\System32\USER32.dll
0x00007fff81740000 - 0x00007fff81761000 	C:\WINDOWS\System32\win32u.dll
0x00007fff82a70000 - 0x00007fff82a96000 	C:\WINDOWS\System32\GDI32.dll
0x00007fff81a70000 - 0x00007fff81c08000 	C:\WINDOWS\System32\gdi32full.dll
0x00007fff82730000 - 0x00007fff827ce000 	C:\WINDOWS\System32\msvcp_win.dll
0x00007fff6f670000 - 0x00007fff6f8f4000 	C:\WINDOWS\WinSxS\amd64_microsoft.windows.common-controls_6595b64144ccf1df_6.0.18362.1379_none_9e7ff3b3e45cc0c4\COMCTL32.dll
0x00007fff84500000 - 0x00007fff8459e000 	C:\WINDOWS\System32\msvcrt.dll
0x00007fff82c80000 - 0x00007fff82fb7000 	C:\WINDOWS\System32\combase.dll
0x00007fff83d20000 - 0x00007fff83e3f000 	C:\WINDOWS\System32\RPCRT4.dll
0x00007fff826a0000 - 0x00007fff82721000 	C:\WINDOWS\System32\bcryptPrimitives.dll
0x00007fff6c120000 - 0x00007fff6c135000 	C:\Program Files\AdoptOpenJDK\jdk-11.0.7.10-hotspot\bin\VCRUNTIME140.dll
0x00007fff844d0000 - 0x00007fff844fe000 	C:\WINDOWS\System32\IMM32.DLL
0x00007fff5ffa0000 - 0x00007fff6003b000 	C:\Program Files\AdoptOpenJDK\jdk-11.0.7.10-hotspot\bin\msvcp140.dll
0x00007fff091c0000 - 0x00007fff09c7c000 	C:\Program Files\AdoptOpenJDK\jdk-11.0.7.10-hotspot\bin\server\jvm.dll
0x00007fff846d0000 - 0x00007fff84773000 	C:\WINDOWS\System32\ADVAPI32.dll
0x00007fff82b10000 - 0x00007fff82ba7000 	C:\WINDOWS\System32\sechost.dll
0x00007fff83e40000 - 0x00007fff83e48000 	C:\WINDOWS\System32\PSAPI.DLL
0x00007fff69290000 - 0x00007fff69299000 	C:\WINDOWS\SYSTEM32\WSOCK32.dll
0x00007fff83ae0000 - 0x00007fff83b4f000 	C:\WINDOWS\System32\WS2_32.dll
0x00007fff7d650000 - 0x00007fff7d674000 	C:\WINDOWS\SYSTEM32\WINMM.dll
0x00007fff79db0000 - 0x00007fff79dba000 	C:\WINDOWS\SYSTEM32\VERSION.dll
0x00007fff7d620000 - 0x00007fff7d64d000 	C:\WINDOWS\SYSTEM32\WINMMBASE.dll
0x00007fff827f0000 - 0x00007fff8283a000 	C:\WINDOWS\System32\cfgmgr32.dll
0x00007fff81720000 - 0x00007fff81731000 	C:\WINDOWS\System32\kernel.appcore.dll
0x00007fff79d30000 - 0x00007fff79d40000 	C:\Program Files\AdoptOpenJDK\jdk-11.0.7.10-hotspot\bin\verify.dll
0x00007fff75180000 - 0x00007fff75374000 	C:\WINDOWS\SYSTEM32\DBGHELP.DLL
0x00007fff75030000 - 0x00007fff7505a000 	C:\WINDOWS\SYSTEM32\dbgcore.DLL
0x00007fff62d60000 - 0x00007fff62d88000 	C:\Program Files\AdoptOpenJDK\jdk-11.0.7.10-hotspot\bin\java.dll
0x00007fff74030000 - 0x00007fff7403e000 	C:\Program Files\AdoptOpenJDK\jdk-11.0.7.10-hotspot\bin\instrument.dll
0x00007fff62d40000 - 0x00007fff62d56000 	C:\Program Files\AdoptOpenJDK\jdk-11.0.7.10-hotspot\bin\zip.dll
0x00007fff74590000 - 0x00007fff7459a000 	C:\Program Files\AdoptOpenJDK\jdk-11.0.7.10-hotspot\bin\jimage.dll
0x00007fff83170000 - 0x00007fff83858000 	C:\WINDOWS\System32\SHELL32.dll
0x00007fff829b0000 - 0x00007fff82a57000 	C:\WINDOWS\System32\shcore.dll
0x00007fff81f20000 - 0x00007fff8269b000 	C:\WINDOWS\System32\windows.storage.dll
0x00007fff816f0000 - 0x00007fff81713000 	C:\WINDOWS\System32\profapi.dll
0x00007fff81680000 - 0x00007fff816ca000 	C:\WINDOWS\System32\powrprof.dll
0x00007fff81670000 - 0x00007fff81680000 	C:\WINDOWS\System32\UMPDC.dll
0x00007fff83860000 - 0x00007fff838b2000 	C:\WINDOWS\System32\shlwapi.dll
0x00007fff827d0000 - 0x00007fff827e7000 	C:\WINDOWS\System32\cryptsp.dll
0x00007fff62d20000 - 0x00007fff62d39000 	C:\Program Files\AdoptOpenJDK\jdk-11.0.7.10-hotspot\bin\net.dll
0x00007fff7f1b0000 - 0x00007fff7f2a0000 	C:\WINDOWS\SYSTEM32\WINHTTP.dll
0x00007fff80eb0000 - 0x00007fff80f17000 	C:\WINDOWS\system32\mswsock.dll
0x00007fff5e5c0000 - 0x00007fff5e5d2000 	C:\Program Files\AdoptOpenJDK\jdk-11.0.7.10-hotspot\bin\nio.dll
0x00007fff74000000 - 0x00007fff7401a000 	C:\Program Files\JetBrains\IntelliJ IDEA 2020.1.1\bin\breakgen64.dll
0x00007fff400e0000 - 0x00007fff40279000 	C:\Program Files\AdoptOpenJDK\jdk-11.0.7.10-hotspot\bin\awt.dll
0x00007fff845a0000 - 0x00007fff84665000 	C:\WINDOWS\System32\OLEAUT32.dll
0x00007fff7ef50000 - 0x00007fff7efdf000 	C:\WINDOWS\SYSTEM32\apphelp.dll
0x00007fff7f090000 - 0x00007fff7f129000 	C:\WINDOWS\system32\uxtheme.dll
0x00007fff83b50000 - 0x00007fff83c85000 	C:\WINDOWS\System32\MSCTF.dll
0x00007fff83e50000 - 0x00007fff83fa7000 	C:\WINDOWS\System32\ole32.dll
0x00007fff7fde0000 - 0x00007fff7fe0d000 	C:\WINDOWS\system32\DWMAPI.DLL
0x00007fff6e600000 - 0x00007fff6e6a9000 	C:\WINDOWS\WinSxS\amd64_microsoft.windows.common-controls_6595b64144ccf1df_5.82.18362.1379_none_73b5a52ad813d2b1\comctl32.dll
0x00007fff487f0000 - 0x00007fff48872000 	C:\Program Files\AdoptOpenJDK\jdk-11.0.7.10-hotspot\bin\freetype.dll
0x00007fff47c30000 - 0x00007fff47cd6000 	C:\Program Files\AdoptOpenJDK\jdk-11.0.7.10-hotspot\bin\fontmanager.dll
0x00007fff532c0000 - 0x00007fff53416000 	C:\WINDOWS\system32\opengl32.dll
0x00007fff53250000 - 0x00007fff5327c000 	C:\WINDOWS\SYSTEM32\GLU32.dll
0x00007fff802b0000 - 0x00007fff802d0000 	C:\WINDOWS\SYSTEM32\dxcore.dll
0x00007fff83fb0000 - 0x00007fff84052000 	C:\WINDOWS\System32\clbcatq.dll
0x00007fff7d260000 - 0x00007fff7d350000 	C:\WINDOWS\SYSTEM32\PROPSYS.dll
0x00007fff71350000 - 0x00007fff71366000 	C:\WINDOWS\system32\NetworkExplorer.dll
0x00007fff706e0000 - 0x00007fff706fb000 	C:\WINDOWS\SYSTEM32\MPR.dll
0x00007fff6aa60000 - 0x00007fff6aa7c000 	C:\WINDOWS\System32\p9np.dll
0x00007fff6aa50000 - 0x00007fff6aa5b000 	C:\WINDOWS\System32\drprov.dll
0x00007fff80720000 - 0x00007fff80776000 	C:\WINDOWS\System32\WINSTA.dll
0x00007fff6aa10000 - 0x00007fff6aa25000 	C:\WINDOWS\System32\ntlanman.dll
0x00007fff6a9f0000 - 0x00007fff6aa0d000 	C:\WINDOWS\System32\davclnt.dll
0x00007fff6a9e0000 - 0x00007fff6a9ec000 	C:\WINDOWS\System32\DAVHLPR.dll
0x00007fff7cc60000 - 0x00007fff7cc77000 	C:\WINDOWS\System32\wkscli.dll
0x00007fff82840000 - 0x00007fff82866000 	C:\WINDOWS\System32\bcrypt.dll
0x00007fff6a6b0000 - 0x00007fff6a6c2000 	C:\WINDOWS\SYSTEM32\cscapi.dll
0x00007fff80cd0000 - 0x00007fff80cdc000 	C:\WINDOWS\System32\netutils.dll
0x00007fff6af50000 - 0x00007fff6afb3000 	C:\Program Files (x86)\PFU\ScanSnap\SSFolder\x64\SSFolder.DLL
0x00007fff6b460000 - 0x00007fff6b4b3000 	C:\Windows\System32\dlnashext.dll
0x00007fff48780000 - 0x00007fff487e4000 	C:\Windows\System32\PlayToDevice.dll
0x00007fff71370000 - 0x00007fff71390000 	C:\Windows\System32\DevDispItemProvider.dll
0x00007fff74dc0000 - 0x00007fff74e32000 	C:\WINDOWS\System32\MMDevApi.dll
0x00007fff81450000 - 0x00007fff8147a000 	C:\WINDOWS\System32\DEVOBJ.dll
0x00007fff4dae0000 - 0x00007fff4db7b000 	C:\WINDOWS\system32\wpdshext.dll
0x00007fff6b8f0000 - 0x00007fff6ba96000 	C:\WINDOWS\WinSxS\amd64_microsoft.windows.gdiplus_6595b64144ccf1df_1.1.18362.1379_none_cf6ae6993eef3a92\gdiplus.dll
0x00007fff79780000 - 0x00007fff7981f000 	C:\Windows\System32\PortableDeviceApi.dll
0x00007fff84060000 - 0x00007fff844d0000 	C:\WINDOWS\System32\SETUPAPI.dll
0x00007fff81ec0000 - 0x00007fff81f1c000 	C:\WINDOWS\System32\WINTRUST.dll
0x00007fff816d0000 - 0x00007fff816e2000 	C:\WINDOWS\System32\MSASN1.dll
0x00007fff81770000 - 0x00007fff818ba000 	C:\WINDOWS\System32\CRYPT32.dll
0x00007fff74130000 - 0x00007fff74167000 	C:\Windows\System32\EhStorShell.dll
0x00007fff73670000 - 0x00007fff73695000 	C:\Windows\System32\EhStorAPI.dll
0x00007fff7d380000 - 0x00007fff7d393000 	C:\Windows\System32\WTSAPI32.dll
0x00007fff4fc30000 - 0x00007fff4fc3d000 	C:\WINDOWS\SYSTEM32\LINKINFO.dll

dbghelp: loaded successfully - version: 4.0.5 - missing functions: none
symbol engine: initialized successfully - sym options: 0x614 - pdb path: .;C:\Program Files\AdoptOpenJDK\jdk-11.0.7.10-hotspot\bin;C:\WINDOWS\SYSTEM32;C:\WINDOWS\WinSxS\amd64_microsoft.windows.common-controls_6595b64144ccf1df_6.0.18362.1379_none_9e7ff3b3e45cc0c4;C:\Program Files\AdoptOpenJDK\jdk-11.0.7.10-hotspot\bin\server;C:\Program Files\JetBrains\IntelliJ IDEA 2020.1.1\bin;C:\WINDOWS\WinSxS\amd64_microsoft.windows.common-controls_6595b64144ccf1df_5.82.18362.1379_none_73b5a52ad813d2b1;C:\Program Files (x86)\PFU\ScanSnap\SSFolder\x64;C:\WINDOWS\WinSxS\amd64_microsoft.windows.gdiplus_6595b64144ccf1df_1.1.18362.1379_none_cf6ae6993eef3a92

VM Arguments:
jvm_args: -javaagent:C:\Program Files\JetBrains\IntelliJ IDEA 2020.1.1\lib\idea_rt.jar=49530:C:\Program Files\JetBrains\IntelliJ IDEA 2020.1.1\bin -Dfile.encoding=UTF-8 
java_command: pictogramming.Main
java_class_path (initial): C:\Users\s1630\Google ƒhƒ‰ƒCƒu\GoogleDrive\Œ¤‹†\Šw‰ï\2021NCSP\Ž‘—¿\pictver1_1 (2)\pictver1_1\pictver1_1\source\Pictogramming\out\production\Pictogramming;C:\Users\s1630\Google ƒhƒ‰ƒCƒu\GoogleDrive\Œ¤‹†\Šw‰ï\2021NCSP\Ž‘—¿\pictver1_1 (2)\pictver1_1\pictver1_1\source\Pictogramming\library\core.jar;C:\Users\s1630\Google ƒhƒ‰ƒCƒu\GoogleDrive\Œ¤‹†\Šw‰ï\2021NCSP\Ž‘—¿\pictver1_1 (2)\pictver1_1\pictver1_1\source\Pictogramming\library\jogl-all.jar;C:\Users\s1630\Google ƒhƒ‰ƒCƒu\GoogleDrive\Œ¤‹†\Šw‰ï\2021NCSP\Ž‘—¿\pictver1_1 (2)\pictver1_1\pictver1_1\source\Pictogramming\library\gluegen-rt.jar;C:\Users\s1630\Google ƒhƒ‰ƒCƒu\GoogleDrive\Œ¤‹†\Šw‰ï\2021NCSP\Ž‘—¿\pictver1_1 (2)\pictver1_1\pictver1_1\source\Pictogramming\dist\lib\core.jar;C:\Users\s1630\Google ƒhƒ‰ƒCƒu\GoogleDrive\Œ¤‹†\Šw‰ï\2021NCSP\Ž‘—¿\pictver1_1 (2)\pictver1_1\pictver1_1\source\Pictogramming\dist\lib\gluegen-rt.jar;C:\Users\s1630\Google ƒhƒ‰ƒCƒu\GoogleDrive\Œ¤‹†\Šw‰ï\2021NCSP\Ž‘—¿\pictver1_1 (2)\pictver1_1\pictver1_1\source\Pictogramming\dist\lib\jogl-all.jar
Launcher Type: SUN_STANDARD

[Global flags]
     intx CICompilerCount                          = 3                                         {product} {ergonomic}
     uint ConcGCThreads                            = 1                                         {product} {ergonomic}
     uint G1ConcRefinementThreads                  = 4                                         {product} {ergonomic}
   size_t G1HeapRegionSize                         = 1048576                                   {product} {ergonomic}
    uintx GCDrainStackTargetSize                   = 64                                        {product} {ergonomic}
   size_t InitialHeapSize                          = 266338304                                 {product} {ergonomic}
   size_t MarkStackSize                            = 4194304                                   {product} {ergonomic}
   size_t MaxHeapSize                              = 4257218560                                {product} {ergonomic}
   size_t MaxNewSize                               = 2554331136                                {product} {ergonomic}
   size_t MinHeapDeltaBytes                        = 1048576                                   {product} {ergonomic}
    uintx NonNMethodCodeHeapSize                   = 5830732                                {pd product} {ergonomic}
    uintx NonProfiledCodeHeapSize                  = 122913754                              {pd product} {ergonomic}
    uintx ProfiledCodeHeapSize                     = 122913754                              {pd product} {ergonomic}
    uintx ReservedCodeCacheSize                    = 251658240                              {pd product} {ergonomic}
     bool SegmentedCodeCache                       = true                                      {product} {ergonomic}
     bool UseCompressedClassPointers               = true                                 {lp64_product} {ergonomic}
     bool UseCompressedOops                        = true                                 {lp64_product} {ergonomic}
     bool UseG1GC                                  = true                                      {product} {ergonomic}
     bool UseLargePagesIndividualAllocation        = false                                  {pd product} {ergonomic}

Logging:
Log output configuration:
 #0: stdout all=warning uptime,level,tags
 #1: stderr all=off uptime,level,tags

Environment Variables:
JAVA_HOME=C:\Program Files\AdoptOpenJDK\jdk-11.0.7.10-hotspot
PATH=C:\Program Files (x86)\VMware\VMware Player\bin\;C:\Program Files\AdoptOpenJDK\jdk-11.0.7.10-hotspot\bin;C:\Program Files (x86)\Common Files\Oracle\Java\javapath;C:\ProgramData\Oracle\Java\javapath;C:\WINDOWS\system32;C:\WINDOWS;C:\WINDOWS\System32\Wbem;C:\WINDOWS\System32\WindowsPowerShell\v1.0\;C:\Program Files\MySQL\MySQL Server 5.7\bin;C:\library\apache-ant-1.10.1-bin\apache-ant-1.10.1\bin;C:\Program Files\PuTTY\;C:\w32tex\bin;C:\Program Files (x86)\gs\gs9.22\bin;C:\Program Files (x86)\gs\gs9.22\lib;C:\Program Files\erl9.2\bin;C:\Program Files (x86)\Elixir\bin;C:\Users\s1630\.mix\escripts;C:\WINDOWS\System32\OpenSSH\;C:\Program Files (x86)\Windows Live\Shared;C:\Program Files\nodejs\;C:\Program Files\Intel\WiFi\bin\;C:\Program Files\Common Files\Intel\WirelessCommon\;C:\library\apache-maven-3.3.9-bin\apache-maven-3.3.9\bin\;C:\Program Files\MySQL\MySQL Utilities 1.6\;C:\Program Files\MySQL\MySQL Server 8.0\bin;C:\Program Files\Git\cmd;C:\Program Files\Git\mingw64\bin;C:\Program Files\Git\usr\bin;C:\Program Files (x86)\Intel\Intel(R) Management Engine Components\DAL;C:\Program Files\Intel\Intel(R) Management Engine Components\DAL;C:\Program Files\MySQL\MySQL Shell 8.0\bin\;C:\Users\s1630\AppData\Local\Programs\Python\Python36-32\Scripts\;C:\Users\s1630\AppData\Local\Programs\Python\Python36-32\;C:\Users\s1630\AppData\Local\Microsoft\WindowsApps;C:\Users\s1630\AppData\Local\Microsoft\WindowsApps;C:\Users\s1630\AppData\Roaming\npm;C:\Users\s1630\AppData\Local\atom\bin
USERNAME=Tanaka
OS=Windows_NT
PROCESSOR_IDENTIFIER=Intel64 Family 6 Model 142 Stepping 9, GenuineIntel



---------------  S Y S T E M  ---------------

OS: Windows 10 , 64 bit Build 18362 (10.0.18362.1350)
OS uptime: 7 days 16:47 hours

CPU:total 4 (initial active 4) (2 cores per cpu, 2 threads per core) family 6 model 142 stepping 9, cmov, cx8, fxsr, mmx, sse, sse2, sse3, ssse3, sse4.1, sse4.2, popcnt, avx, avx2, aes, clmul, erms, 3dnowpref, lzcnt, ht, tsc, tscinvbit, bmi1, bmi2, adx, fma

Memory: 4k page, system-wide physical 16234M (4777M free)
TotalPageFile size 24687M (AvailPageFile size 3224M)
current process WorkingSet (physical memory assigned to process): 88M, peak: 89M
current process commit charge ("private bytes"): 356M, peak: 357M

vm_info: OpenJDK 64-Bit Server VM (11.0.7+10) for windows-amd64 JRE (11.0.7+10), built on Apr 22 2020 11:46:09 by "" with MS VC++ 15.9 (VS2017)

END.
